::1 - - [14/Nov/2021:06:32:35 +0000] "GET / HTTP/1.1" 404 139 "http://localhost:3000/" "Mozilla/5.0 (Windows NT 10.0; Win64; x64) AppleWebKit/537.36 (KHTML, like Gecko) Chrome/94.0.4606.61 Safari/537.36"
::1 - - [14/Nov/2021:06:32:38 +0000] "OPTIONS /product/6180fd9b10163b38646b9f6c HTTP/1.1" 204 0 "http://localhost:3000/" "Mozilla/5.0 (Windows NT 10.0; Win64; x64) AppleWebKit/537.36 (KHTML, like Gecko) Chrome/94.0.4606.61 Safari/537.36"
::1 - - [14/Nov/2021:06:32:38 +0000] "GET /product/6180fd9b10163b38646b9f6c HTTP/1.1" 200 1469 "http://localhost:3000/" "Mozilla/5.0 (Windows NT 10.0; Win64; x64) AppleWebKit/537.36 (KHTML, like Gecko) Chrome/94.0.4606.61 Safari/537.36"
::1 - - [14/Nov/2021:06:32:40 +0000] "OPTIONS /product?category=man HTTP/1.1" 204 0 "http://localhost:3000/" "Mozilla/5.0 (Windows NT 10.0; Win64; x64) AppleWebKit/537.36 (KHTML, like Gecko) Chrome/94.0.4606.61 Safari/537.36"
::1 - - [14/Nov/2021:06:32:40 +0000] "OPTIONS /favorite/check HTTP/1.1" 204 0 "http://localhost:3000/" "Mozilla/5.0 (Windows NT 10.0; Win64; x64) AppleWebKit/537.36 (KHTML, like Gecko) Chrome/94.0.4606.61 Safari/537.36"
::1 - - [14/Nov/2021:06:32:44 +0000] "GET //static/imgs/6180fd9b10163b38646b9f6c/comments-1.jpg HTTP/1.1" 200 17444 "http://localhost:3000/" "Mozilla/5.0 (Windows NT 10.0; Win64; x64) AppleWebKit/537.36 (KHTML, like Gecko) Chrome/94.0.4606.61 Safari/537.36"
::1 - - [14/Nov/2021:06:32:44 +0000] "GET //static/imgs/6180fd9b10163b38646b9f6c/blog-4.jpg HTTP/1.1" 200 104099 "http://localhost:3000/" "Mozilla/5.0 (Windows NT 10.0; Win64; x64) AppleWebKit/537.36 (KHTML, like Gecko) Chrome/94.0.4606.61 Safari/537.36"
::1 - - [14/Nov/2021:06:32:44 +0000] "GET //static/imgs/6180fd9b10163b38646b9f6c/blog-inside-post.jpg HTTP/1.1" 200 85335 "http://localhost:3000/" "Mozilla/5.0 (Windows NT 10.0; Win64; x64) AppleWebKit/537.36 (KHTML, like Gecko) Chrome/94.0.4606.61 Safari/537.36"
::1 - - [14/Nov/2021:06:32:44 +0000] "GET /product?category=man HTTP/1.1" 200 2286 "http://localhost:3000/" "Mozilla/5.0 (Windows NT 10.0; Win64; x64) AppleWebKit/537.36 (KHTML, like Gecko) Chrome/94.0.4606.61 Safari/537.36"
::1 - - [14/Nov/2021:06:32:48 +0000] "GET //static/thumb/6180fd9b10163b38646b9f6c/comments-5.jpg HTTP/1.1" 200 10855 "http://localhost:3000/" "Mozilla/5.0 (Windows NT 10.0; Win64; x64) AppleWebKit/537.36 (KHTML, like Gecko) Chrome/94.0.4606.61 Safari/537.36"
::1 - - [14/Nov/2021:06:32:48 +0000] "GET //static/avatar/6135ebef10c239036b8b9559/thumb-03.jpg HTTP/1.1" 200 5707 "http://localhost:3000/" "Mozilla/5.0 (Windows NT 10.0; Win64; x64) AppleWebKit/537.36 (KHTML, like Gecko) Chrome/94.0.4606.61 Safari/537.36"
::1 - - [14/Nov/2021:06:32:48 +0000] "GET //static/thumb/618103392749bd6f704fa188/video4.jpg HTTP/1.1" 200 93369 "http://localhost:3000/" "Mozilla/5.0 (Windows NT 10.0; Win64; x64) AppleWebKit/537.36 (KHTML, like Gecko) Chrome/94.0.4606.61 Safari/537.36"
::1 - - [14/Nov/2021:06:32:48 +0000] "GET //static/avatar/61361f77c1cc31c6ef7b39d5/banner-04.jpg HTTP/1.1" 200 71401 "http://localhost:3000/" "Mozilla/5.0 (Windows NT 10.0; Win64; x64) AppleWebKit/537.36 (KHTML, like Gecko) Chrome/94.0.4606.61 Safari/537.36"
::1 - - [14/Nov/2021:06:32:52 +0000] "OPTIONS /comment HTTP/1.1" 204 0 "http://localhost:3000/" "Mozilla/5.0 (Windows NT 10.0; Win64; x64) AppleWebKit/537.36 (KHTML, like Gecko) Chrome/94.0.4606.61 Safari/537.36"
::1 - - [14/Nov/2021:06:33:48 +0000] "OPTIONS /comment HTTP/1.1" 204 0 "http://localhost:3000/" "Mozilla/5.0 (Windows NT 10.0; Win64; x64) AppleWebKit/537.36 (KHTML, like Gecko) Chrome/94.0.4606.61 Safari/537.36"
::1 - - [14/Nov/2021:06:34:13 +0000] "GET / HTTP/1.1" 404 139 "http://localhost:3000/" "Mozilla/5.0 (Windows NT 10.0; Win64; x64) AppleWebKit/537.36 (KHTML, like Gecko) Chrome/94.0.4606.61 Safari/537.36"
::1 - - [14/Nov/2021:06:34:13 +0000] "OPTIONS /product/6180fd9b10163b38646b9f6c HTTP/1.1" 204 0 "http://localhost:3000/" "Mozilla/5.0 (Windows NT 10.0; Win64; x64) AppleWebKit/537.36 (KHTML, like Gecko) Chrome/94.0.4606.61 Safari/537.36"
::1 - - [14/Nov/2021:06:34:13 +0000] "GET /product/6180fd9b10163b38646b9f6c HTTP/1.1" 200 1469 "http://localhost:3000/" "Mozilla/5.0 (Windows NT 10.0; Win64; x64) AppleWebKit/537.36 (KHTML, like Gecko) Chrome/94.0.4606.61 Safari/537.36"
::1 - - [14/Nov/2021:06:34:15 +0000] "OPTIONS /product?category=man HTTP/1.1" 204 0 "http://localhost:3000/" "Mozilla/5.0 (Windows NT 10.0; Win64; x64) AppleWebKit/537.36 (KHTML, like Gecko) Chrome/94.0.4606.61 Safari/537.36"
::1 - - [14/Nov/2021:06:34:15 +0000] "OPTIONS /favorite/check HTTP/1.1" 204 0 "http://localhost:3000/" "Mozilla/5.0 (Windows NT 10.0; Win64; x64) AppleWebKit/537.36 (KHTML, like Gecko) Chrome/94.0.4606.61 Safari/537.36"
::1 - - [14/Nov/2021:06:34:19 +0000] "GET //static/imgs/6180fd9b10163b38646b9f6c/comments-1.jpg HTTP/1.1" 200 17444 "http://localhost:3000/" "Mozilla/5.0 (Windows NT 10.0; Win64; x64) AppleWebKit/537.36 (KHTML, like Gecko) Chrome/94.0.4606.61 Safari/537.36"
::1 - - [14/Nov/2021:06:34:19 +0000] "GET //static/imgs/6180fd9b10163b38646b9f6c/blog-4.jpg HTTP/1.1" 200 104099 "http://localhost:3000/" "Mozilla/5.0 (Windows NT 10.0; Win64; x64) AppleWebKit/537.36 (KHTML, like Gecko) Chrome/94.0.4606.61 Safari/537.36"
::1 - - [14/Nov/2021:06:34:19 +0000] "GET //static/imgs/6180fd9b10163b38646b9f6c/blog-inside-post.jpg HTTP/1.1" 200 85335 "http://localhost:3000/" "Mozilla/5.0 (Windows NT 10.0; Win64; x64) AppleWebKit/537.36 (KHTML, like Gecko) Chrome/94.0.4606.61 Safari/537.36"
::1 - - [14/Nov/2021:06:34:19 +0000] "GET /product?category=man HTTP/1.1" 200 2286 "http://localhost:3000/" "Mozilla/5.0 (Windows NT 10.0; Win64; x64) AppleWebKit/537.36 (KHTML, like Gecko) Chrome/94.0.4606.61 Safari/537.36"
::1 - - [14/Nov/2021:06:34:23 +0000] "POST /favorite/check HTTP/1.1" - - "http://localhost:3000/" "Mozilla/5.0 (Windows NT 10.0; Win64; x64) AppleWebKit/537.36 (KHTML, like Gecko) Chrome/94.0.4606.61 Safari/537.36"
::1 - - [14/Nov/2021:06:34:24 +0000] "GET / HTTP/1.1" 404 139 "http://localhost:3000/" "Mozilla/5.0 (Windows NT 10.0; Win64; x64) AppleWebKit/537.36 (KHTML, like Gecko) Chrome/94.0.4606.61 Safari/537.36"
::1 - - [14/Nov/2021:06:34:27 +0000] "OPTIONS /product/6180fd9b10163b38646b9f6c HTTP/1.1" 204 0 "http://localhost:3000/" "Mozilla/5.0 (Windows NT 10.0; Win64; x64) AppleWebKit/537.36 (KHTML, like Gecko) Chrome/94.0.4606.61 Safari/537.36"
::1 - - [14/Nov/2021:06:34:27 +0000] "GET /product/6180fd9b10163b38646b9f6c HTTP/1.1" 200 1469 "http://localhost:3000/" "Mozilla/5.0 (Windows NT 10.0; Win64; x64) AppleWebKit/537.36 (KHTML, like Gecko) Chrome/94.0.4606.61 Safari/537.36"
::1 - - [14/Nov/2021:06:34:28 +0000] "OPTIONS /product?category=man HTTP/1.1" 204 0 "http://localhost:3000/" "Mozilla/5.0 (Windows NT 10.0; Win64; x64) AppleWebKit/537.36 (KHTML, like Gecko) Chrome/94.0.4606.61 Safari/537.36"
::1 - - [14/Nov/2021:06:34:28 +0000] "OPTIONS /favorite/check HTTP/1.1" 204 0 "http://localhost:3000/" "Mozilla/5.0 (Windows NT 10.0; Win64; x64) AppleWebKit/537.36 (KHTML, like Gecko) Chrome/94.0.4606.61 Safari/537.36"
::1 - - [14/Nov/2021:06:34:41 +0000] "GET //static/imgs/6180fd9b10163b38646b9f6c/comments-1.jpg HTTP/1.1" 200 17444 "http://localhost:3000/" "Mozilla/5.0 (Windows NT 10.0; Win64; x64) AppleWebKit/537.36 (KHTML, like Gecko) Chrome/94.0.4606.61 Safari/537.36"
::1 - - [14/Nov/2021:06:34:41 +0000] "GET //static/imgs/6180fd9b10163b38646b9f6c/blog-inside-post.jpg HTTP/1.1" 200 85335 "http://localhost:3000/" "Mozilla/5.0 (Windows NT 10.0; Win64; x64) AppleWebKit/537.36 (KHTML, like Gecko) Chrome/94.0.4606.61 Safari/537.36"
::1 - - [14/Nov/2021:06:34:41 +0000] "GET //static/imgs/6180fd9b10163b38646b9f6c/blog-4.jpg HTTP/1.1" 200 104099 "http://localhost:3000/" "Mozilla/5.0 (Windows NT 10.0; Win64; x64) AppleWebKit/537.36 (KHTML, like Gecko) Chrome/94.0.4606.61 Safari/537.36"
::1 - - [14/Nov/2021:06:34:41 +0000] "GET /product?category=man HTTP/1.1" 200 2286 "http://localhost:3000/" "Mozilla/5.0 (Windows NT 10.0; Win64; x64) AppleWebKit/537.36 (KHTML, like Gecko) Chrome/94.0.4606.61 Safari/537.36"
::1 - - [14/Nov/2021:06:34:58 +0000] "GET //static/thumb/6180fd9b10163b38646b9f6c/comments-5.jpg HTTP/1.1" 200 10855 "http://localhost:3000/" "Mozilla/5.0 (Windows NT 10.0; Win64; x64) AppleWebKit/537.36 (KHTML, like Gecko) Chrome/94.0.4606.61 Safari/537.36"
::1 - - [14/Nov/2021:06:34:58 +0000] "GET //static/avatar/6135ebef10c239036b8b9559/thumb-03.jpg HTTP/1.1" 200 5707 "http://localhost:3000/" "Mozilla/5.0 (Windows NT 10.0; Win64; x64) AppleWebKit/537.36 (KHTML, like Gecko) Chrome/94.0.4606.61 Safari/537.36"
::1 - - [14/Nov/2021:06:34:58 +0000] "GET //static/thumb/618103392749bd6f704fa188/video4.jpg HTTP/1.1" 200 93369 "http://localhost:3000/" "Mozilla/5.0 (Windows NT 10.0; Win64; x64) AppleWebKit/537.36 (KHTML, like Gecko) Chrome/94.0.4606.61 Safari/537.36"
::1 - - [14/Nov/2021:06:34:58 +0000] "GET //static/avatar/61361f77c1cc31c6ef7b39d5/banner-04.jpg HTTP/1.1" 200 71401 "http://localhost:3000/" "Mozilla/5.0 (Windows NT 10.0; Win64; x64) AppleWebKit/537.36 (KHTML, like Gecko) Chrome/94.0.4606.61 Safari/537.36"
::1 - - [14/Nov/2021:06:35:05 +0000] "OPTIONS /comment HTTP/1.1" 204 0 "http://localhost:3000/" "Mozilla/5.0 (Windows NT 10.0; Win64; x64) AppleWebKit/537.36 (KHTML, like Gecko) Chrome/94.0.4606.61 Safari/537.36"
::1 - - [14/Nov/2021:06:39:41 +0000] "POST /comment HTTP/1.1" - - "http://localhost:3000/" "Mozilla/5.0 (Windows NT 10.0; Win64; x64) AppleWebKit/537.36 (KHTML, like Gecko) Chrome/94.0.4606.61 Safari/537.36"
::1 - - [14/Nov/2021:06:39:41 +0000] "POST /favorite/check HTTP/1.1" - - "http://localhost:3000/" "Mozilla/5.0 (Windows NT 10.0; Win64; x64) AppleWebKit/537.36 (KHTML, like Gecko) Chrome/94.0.4606.61 Safari/537.36"
::1 - - [14/Nov/2021:06:39:43 +0000] "GET / HTTP/1.1" 404 139 "http://localhost:3000/" "Mozilla/5.0 (Windows NT 10.0; Win64; x64) AppleWebKit/537.36 (KHTML, like Gecko) Chrome/94.0.4606.61 Safari/537.36"
::1 - - [14/Nov/2021:06:39:44 +0000] "OPTIONS /product/6180fd9b10163b38646b9f6c HTTP/1.1" 204 0 "http://localhost:3000/" "Mozilla/5.0 (Windows NT 10.0; Win64; x64) AppleWebKit/537.36 (KHTML, like Gecko) Chrome/94.0.4606.61 Safari/537.36"
::1 - - [14/Nov/2021:06:39:44 +0000] "GET /product/6180fd9b10163b38646b9f6c HTTP/1.1" 304 - "http://localhost:3000/" "Mozilla/5.0 (Windows NT 10.0; Win64; x64) AppleWebKit/537.36 (KHTML, like Gecko) Chrome/94.0.4606.61 Safari/537.36"
::1 - - [14/Nov/2021:06:39:44 +0000] "OPTIONS /product?category=man HTTP/1.1" 204 0 "http://localhost:3000/" "Mozilla/5.0 (Windows NT 10.0; Win64; x64) AppleWebKit/537.36 (KHTML, like Gecko) Chrome/94.0.4606.61 Safari/537.36"
::1 - - [14/Nov/2021:06:39:44 +0000] "GET //static/imgs/6180fd9b10163b38646b9f6c/blog-4.jpg HTTP/1.1" 304 - "http://localhost:3000/" "Mozilla/5.0 (Windows NT 10.0; Win64; x64) AppleWebKit/537.36 (KHTML, like Gecko) Chrome/94.0.4606.61 Safari/537.36"
::1 - - [14/Nov/2021:06:39:44 +0000] "OPTIONS /favorite/check HTTP/1.1" 204 0 "http://localhost:3000/" "Mozilla/5.0 (Windows NT 10.0; Win64; x64) AppleWebKit/537.36 (KHTML, like Gecko) Chrome/94.0.4606.61 Safari/537.36"
::1 - - [14/Nov/2021:06:39:44 +0000] "GET //static/imgs/6180fd9b10163b38646b9f6c/blog-inside-post.jpg HTTP/1.1" 304 - "http://localhost:3000/" "Mozilla/5.0 (Windows NT 10.0; Win64; x64) AppleWebKit/537.36 (KHTML, like Gecko) Chrome/94.0.4606.61 Safari/537.36"
::1 - - [14/Nov/2021:06:39:44 +0000] "GET //static/imgs/6180fd9b10163b38646b9f6c/comments-1.jpg HTTP/1.1" 304 - "http://localhost:3000/" "Mozilla/5.0 (Windows NT 10.0; Win64; x64) AppleWebKit/537.36 (KHTML, like Gecko) Chrome/94.0.4606.61 Safari/537.36"
::1 - - [14/Nov/2021:06:39:52 +0000] "GET /product?category=man HTTP/1.1" 304 - "http://localhost:3000/" "Mozilla/5.0 (Windows NT 10.0; Win64; x64) AppleWebKit/537.36 (KHTML, like Gecko) Chrome/94.0.4606.61 Safari/537.36"
::1 - - [14/Nov/2021:06:39:52 +0000] "GET //static/thumb/6180fd9b10163b38646b9f6c/comments-5.jpg HTTP/1.1" 304 - "http://localhost:3000/" "Mozilla/5.0 (Windows NT 10.0; Win64; x64) AppleWebKit/537.36 (KHTML, like Gecko) Chrome/94.0.4606.61 Safari/537.36"
::1 - - [14/Nov/2021:06:39:52 +0000] "GET //static/thumb/618103392749bd6f704fa188/video4.jpg HTTP/1.1" 304 - "http://localhost:3000/" "Mozilla/5.0 (Windows NT 10.0; Win64; x64) AppleWebKit/537.36 (KHTML, like Gecko) Chrome/94.0.4606.61 Safari/537.36"
::1 - - [14/Nov/2021:06:39:52 +0000] "GET //static/avatar/6135ebef10c239036b8b9559/thumb-03.jpg HTTP/1.1" 304 - "http://localhost:3000/" "Mozilla/5.0 (Windows NT 10.0; Win64; x64) AppleWebKit/537.36 (KHTML, like Gecko) Chrome/94.0.4606.61 Safari/537.36"
::1 - - [14/Nov/2021:06:39:52 +0000] "GET //static/avatar/61361f77c1cc31c6ef7b39d5/banner-04.jpg HTTP/1.1" 304 - "http://localhost:3000/" "Mozilla/5.0 (Windows NT 10.0; Win64; x64) AppleWebKit/537.36 (KHTML, like Gecko) Chrome/94.0.4606.61 Safari/537.36"
::1 - - [14/Nov/2021:06:40:00 +0000] "GET / HTTP/1.1" 404 139 "http://localhost:3000/" "Mozilla/5.0 (Windows NT 10.0; Win64; x64) AppleWebKit/537.36 (KHTML, like Gecko) Chrome/94.0.4606.61 Safari/537.36"
::1 - - [14/Nov/2021:06:40:00 +0000] "OPTIONS /product/6180fd9b10163b38646b9f6c12 HTTP/1.1" 204 0 "http://localhost:3000/" "Mozilla/5.0 (Windows NT 10.0; Win64; x64) AppleWebKit/537.36 (KHTML, like Gecko) Chrome/94.0.4606.61 Safari/537.36"
::1 - - [14/Nov/2021:06:40:00 +0000] "GET /product/6180fd9b10163b38646b9f6c12 HTTP/1.1" 400 50 "http://localhost:3000/" "Mozilla/5.0 (Windows NT 10.0; Win64; x64) AppleWebKit/537.36 (KHTML, like Gecko) Chrome/94.0.4606.61 Safari/537.36"
::1 - - [14/Nov/2021:06:41:43 +0000] "GET / HTTP/1.1" 404 139 "http://localhost:3000/" "Mozilla/5.0 (Windows NT 10.0; Win64; x64) AppleWebKit/537.36 (KHTML, like Gecko) Chrome/94.0.4606.61 Safari/537.36"
::1 - - [14/Nov/2021:06:41:43 +0000] "OPTIONS /product/6180fd9b10163b38646b9f6c HTTP/1.1" 204 0 "http://localhost:3000/" "Mozilla/5.0 (Windows NT 10.0; Win64; x64) AppleWebKit/537.36 (KHTML, like Gecko) Chrome/94.0.4606.61 Safari/537.36"
::1 - - [14/Nov/2021:06:41:43 +0000] "GET /product/6180fd9b10163b38646b9f6c HTTP/1.1" 304 - "http://localhost:3000/" "Mozilla/5.0 (Windows NT 10.0; Win64; x64) AppleWebKit/537.36 (KHTML, like Gecko) Chrome/94.0.4606.61 Safari/537.36"
::1 - - [14/Nov/2021:06:41:44 +0000] "GET //static/imgs/6180fd9b10163b38646b9f6c/blog-4.jpg HTTP/1.1" 304 - "http://localhost:3000/" "Mozilla/5.0 (Windows NT 10.0; Win64; x64) AppleWebKit/537.36 (KHTML, like Gecko) Chrome/94.0.4606.61 Safari/537.36"
::1 - - [14/Nov/2021:06:41:44 +0000] "GET //static/imgs/6180fd9b10163b38646b9f6c/blog-inside-post.jpg HTTP/1.1" 304 - "http://localhost:3000/" "Mozilla/5.0 (Windows NT 10.0; Win64; x64) AppleWebKit/537.36 (KHTML, like Gecko) Chrome/94.0.4606.61 Safari/537.36"
::1 - - [14/Nov/2021:06:41:44 +0000] "GET //static/imgs/6180fd9b10163b38646b9f6c/comments-1.jpg HTTP/1.1" 304 - "http://localhost:3000/" "Mozilla/5.0 (Windows NT 10.0; Win64; x64) AppleWebKit/537.36 (KHTML, like Gecko) Chrome/94.0.4606.61 Safari/537.36"
::1 - - [14/Nov/2021:06:41:44 +0000] "OPTIONS /product?category=man HTTP/1.1" 204 0 "http://localhost:3000/" "Mozilla/5.0 (Windows NT 10.0; Win64; x64) AppleWebKit/537.36 (KHTML, like Gecko) Chrome/94.0.4606.61 Safari/537.36"
::1 - - [14/Nov/2021:06:41:44 +0000] "OPTIONS /favorite/check HTTP/1.1" 204 0 "http://localhost:3000/" "Mozilla/5.0 (Windows NT 10.0; Win64; x64) AppleWebKit/537.36 (KHTML, like Gecko) Chrome/94.0.4606.61 Safari/537.36"
::1 - - [14/Nov/2021:06:41:51 +0000] "POST /favorite/check HTTP/1.1" 400 24 "http://localhost:3000/" "Mozilla/5.0 (Windows NT 10.0; Win64; x64) AppleWebKit/537.36 (KHTML, like Gecko) Chrome/94.0.4606.61 Safari/537.36"
::1 - - [14/Nov/2021:06:41:51 +0000] "OPTIONS /cart HTTP/1.1" 204 0 "http://localhost:3000/" "Mozilla/5.0 (Windows NT 10.0; Win64; x64) AppleWebKit/537.36 (KHTML, like Gecko) Chrome/94.0.4606.61 Safari/537.36"
::1 - - [14/Nov/2021:06:41:54 +0000] "POST /cart HTTP/1.1" 400 24 "http://localhost:3000/" "Mozilla/5.0 (Windows NT 10.0; Win64; x64) AppleWebKit/537.36 (KHTML, like Gecko) Chrome/94.0.4606.61 Safari/537.36"
::1 - - [14/Nov/2021:06:41:54 +0000] "GET /product?category=man HTTP/1.1" 304 - "http://localhost:3000/" "Mozilla/5.0 (Windows NT 10.0; Win64; x64) AppleWebKit/537.36 (KHTML, like Gecko) Chrome/94.0.4606.61 Safari/537.36"
::1 - - [14/Nov/2021:06:41:54 +0000] "GET //static/thumb/6180fd9b10163b38646b9f6c/comments-5.jpg HTTP/1.1" 304 - "http://localhost:3000/" "Mozilla/5.0 (Windows NT 10.0; Win64; x64) AppleWebKit/537.36 (KHTML, like Gecko) Chrome/94.0.4606.61 Safari/537.36"
::1 - - [14/Nov/2021:06:41:54 +0000] "GET //static/thumb/618103392749bd6f704fa188/video4.jpg HTTP/1.1" 304 - "http://localhost:3000/" "Mozilla/5.0 (Windows NT 10.0; Win64; x64) AppleWebKit/537.36 (KHTML, like Gecko) Chrome/94.0.4606.61 Safari/537.36"
::1 - - [14/Nov/2021:06:41:54 +0000] "GET //static/avatar/6135ebef10c239036b8b9559/thumb-03.jpg HTTP/1.1" 304 - "http://localhost:3000/" "Mozilla/5.0 (Windows NT 10.0; Win64; x64) AppleWebKit/537.36 (KHTML, like Gecko) Chrome/94.0.4606.61 Safari/537.36"
::1 - - [14/Nov/2021:06:41:54 +0000] "GET //static/avatar/61361f77c1cc31c6ef7b39d5/banner-04.jpg HTTP/1.1" 304 - "http://localhost:3000/" "Mozilla/5.0 (Windows NT 10.0; Win64; x64) AppleWebKit/537.36 (KHTML, like Gecko) Chrome/94.0.4606.61 Safari/537.36"
::1 - - [14/Nov/2021:06:42:13 +0000] "GET / HTTP/1.1" 404 139 "http://localhost:3000/" "Mozilla/5.0 (Windows NT 10.0; Win64; x64) AppleWebKit/537.36 (KHTML, like Gecko) Chrome/94.0.4606.61 Safari/537.36"
::1 - - [14/Nov/2021:06:42:13 +0000] "OPTIONS /product/6180fd9b10163b38646b9f6c HTTP/1.1" 204 0 "http://localhost:3000/" "Mozilla/5.0 (Windows NT 10.0; Win64; x64) AppleWebKit/537.36 (KHTML, like Gecko) Chrome/94.0.4606.61 Safari/537.36"
::1 - - [14/Nov/2021:06:42:13 +0000] "GET /product/6180fd9b10163b38646b9f6c HTTP/1.1" 304 - "http://localhost:3000/" "Mozilla/5.0 (Windows NT 10.0; Win64; x64) AppleWebKit/537.36 (KHTML, like Gecko) Chrome/94.0.4606.61 Safari/537.36"
::1 - - [14/Nov/2021:06:42:13 +0000] "OPTIONS /product?category=man HTTP/1.1" 204 0 "http://localhost:3000/" "Mozilla/5.0 (Windows NT 10.0; Win64; x64) AppleWebKit/537.36 (KHTML, like Gecko) Chrome/94.0.4606.61 Safari/537.36"
::1 - - [14/Nov/2021:06:42:13 +0000] "OPTIONS /favorite/check HTTP/1.1" 204 0 "http://localhost:3000/" "Mozilla/5.0 (Windows NT 10.0; Win64; x64) AppleWebKit/537.36 (KHTML, like Gecko) Chrome/94.0.4606.61 Safari/537.36"
::1 - - [14/Nov/2021:06:42:20 +0000] "POST /favorite/check HTTP/1.1" 400 24 "http://localhost:3000/" "Mozilla/5.0 (Windows NT 10.0; Win64; x64) AppleWebKit/537.36 (KHTML, like Gecko) Chrome/94.0.4606.61 Safari/537.36"
::1 - - [14/Nov/2021:06:42:20 +0000] "GET //static/imgs/6180fd9b10163b38646b9f6c/blog-inside-post.jpg HTTP/1.1" 304 - "http://localhost:3000/" "Mozilla/5.0 (Windows NT 10.0; Win64; x64) AppleWebKit/537.36 (KHTML, like Gecko) Chrome/94.0.4606.61 Safari/537.36"
::1 - - [14/Nov/2021:06:42:20 +0000] "GET //static/imgs/6180fd9b10163b38646b9f6c/comments-1.jpg HTTP/1.1" 304 - "http://localhost:3000/" "Mozilla/5.0 (Windows NT 10.0; Win64; x64) AppleWebKit/537.36 (KHTML, like Gecko) Chrome/94.0.4606.61 Safari/537.36"
::1 - - [14/Nov/2021:06:42:20 +0000] "GET //static/imgs/6180fd9b10163b38646b9f6c/blog-4.jpg HTTP/1.1" 304 - "http://localhost:3000/" "Mozilla/5.0 (Windows NT 10.0; Win64; x64) AppleWebKit/537.36 (KHTML, like Gecko) Chrome/94.0.4606.61 Safari/537.36"
::1 - - [14/Nov/2021:06:42:20 +0000] "GET /product?category=man HTTP/1.1" 304 - "http://localhost:3000/" "Mozilla/5.0 (Windows NT 10.0; Win64; x64) AppleWebKit/537.36 (KHTML, like Gecko) Chrome/94.0.4606.61 Safari/537.36"
::1 - - [14/Nov/2021:06:42:20 +0000] "GET //static/thumb/6180fd9b10163b38646b9f6c/comments-5.jpg HTTP/1.1" 304 - "http://localhost:3000/" "Mozilla/5.0 (Windows NT 10.0; Win64; x64) AppleWebKit/537.36 (KHTML, like Gecko) Chrome/94.0.4606.61 Safari/537.36"
::1 - - [14/Nov/2021:06:42:20 +0000] "GET //static/thumb/618103392749bd6f704fa188/video4.jpg HTTP/1.1" 304 - "http://localhost:3000/" "Mozilla/5.0 (Windows NT 10.0; Win64; x64) AppleWebKit/537.36 (KHTML, like Gecko) Chrome/94.0.4606.61 Safari/537.36"
::1 - - [14/Nov/2021:06:42:20 +0000] "GET //static/avatar/6135ebef10c239036b8b9559/thumb-03.jpg HTTP/1.1" 304 - "http://localhost:3000/" "Mozilla/5.0 (Windows NT 10.0; Win64; x64) AppleWebKit/537.36 (KHTML, like Gecko) Chrome/94.0.4606.61 Safari/537.36"
::1 - - [14/Nov/2021:06:42:20 +0000] "GET //static/avatar/61361f77c1cc31c6ef7b39d5/banner-04.jpg HTTP/1.1" 304 - "http://localhost:3000/" "Mozilla/5.0 (Windows NT 10.0; Win64; x64) AppleWebKit/537.36 (KHTML, like Gecko) Chrome/94.0.4606.61 Safari/537.36"
::1 - - [14/Nov/2021:06:42:42 +0000] "GET / HTTP/1.1" 404 139 "http://localhost:3000/" "Mozilla/5.0 (Windows NT 10.0; Win64; x64) AppleWebKit/537.36 (KHTML, like Gecko) Chrome/94.0.4606.61 Safari/537.36"
::1 - - [14/Nov/2021:06:42:42 +0000] "OPTIONS /product/6180fd9b10163b38646b9f6c HTTP/1.1" 204 0 "http://localhost:3000/" "Mozilla/5.0 (Windows NT 10.0; Win64; x64) AppleWebKit/537.36 (KHTML, like Gecko) Chrome/94.0.4606.61 Safari/537.36"
::1 - - [14/Nov/2021:06:42:42 +0000] "GET /product/6180fd9b10163b38646b9f6c HTTP/1.1" 304 - "http://localhost:3000/" "Mozilla/5.0 (Windows NT 10.0; Win64; x64) AppleWebKit/537.36 (KHTML, like Gecko) Chrome/94.0.4606.61 Safari/537.36"
::1 - - [14/Nov/2021:06:42:42 +0000] "GET //static/imgs/6180fd9b10163b38646b9f6c/blog-4.jpg HTTP/1.1" 304 - "http://localhost:3000/" "Mozilla/5.0 (Windows NT 10.0; Win64; x64) AppleWebKit/537.36 (KHTML, like Gecko) Chrome/94.0.4606.61 Safari/537.36"
::1 - - [14/Nov/2021:06:42:42 +0000] "GET //static/imgs/6180fd9b10163b38646b9f6c/blog-inside-post.jpg HTTP/1.1" 304 - "http://localhost:3000/" "Mozilla/5.0 (Windows NT 10.0; Win64; x64) AppleWebKit/537.36 (KHTML, like Gecko) Chrome/94.0.4606.61 Safari/537.36"
::1 - - [14/Nov/2021:06:42:42 +0000] "GET //static/imgs/6180fd9b10163b38646b9f6c/comments-1.jpg HTTP/1.1" 304 - "http://localhost:3000/" "Mozilla/5.0 (Windows NT 10.0; Win64; x64) AppleWebKit/537.36 (KHTML, like Gecko) Chrome/94.0.4606.61 Safari/537.36"
::1 - - [14/Nov/2021:06:42:43 +0000] "OPTIONS /product?category=man HTTP/1.1" 204 0 "http://localhost:3000/" "Mozilla/5.0 (Windows NT 10.0; Win64; x64) AppleWebKit/537.36 (KHTML, like Gecko) Chrome/94.0.4606.61 Safari/537.36"
::1 - - [14/Nov/2021:06:42:43 +0000] "OPTIONS /favorite/check HTTP/1.1" 204 0 "http://localhost:3000/" "Mozilla/5.0 (Windows NT 10.0; Win64; x64) AppleWebKit/537.36 (KHTML, like Gecko) Chrome/94.0.4606.61 Safari/537.36"
::1 - - [14/Nov/2021:06:42:46 +0000] "POST /favorite/check HTTP/1.1" 400 24 "http://localhost:3000/" "Mozilla/5.0 (Windows NT 10.0; Win64; x64) AppleWebKit/537.36 (KHTML, like Gecko) Chrome/94.0.4606.61 Safari/537.36"
::1 - - [14/Nov/2021:06:42:46 +0000] "GET /product?category=man HTTP/1.1" 304 - "http://localhost:3000/" "Mozilla/5.0 (Windows NT 10.0; Win64; x64) AppleWebKit/537.36 (KHTML, like Gecko) Chrome/94.0.4606.61 Safari/537.36"
::1 - - [14/Nov/2021:06:42:46 +0000] "GET //static/thumb/6180fd9b10163b38646b9f6c/comments-5.jpg HTTP/1.1" 304 - "http://localhost:3000/" "Mozilla/5.0 (Windows NT 10.0; Win64; x64) AppleWebKit/537.36 (KHTML, like Gecko) Chrome/94.0.4606.61 Safari/537.36"
::1 - - [14/Nov/2021:06:42:46 +0000] "GET //static/thumb/618103392749bd6f704fa188/video4.jpg HTTP/1.1" 304 - "http://localhost:3000/" "Mozilla/5.0 (Windows NT 10.0; Win64; x64) AppleWebKit/537.36 (KHTML, like Gecko) Chrome/94.0.4606.61 Safari/537.36"
::1 - - [14/Nov/2021:06:42:46 +0000] "GET //static/avatar/6135ebef10c239036b8b9559/thumb-03.jpg HTTP/1.1" 304 - "http://localhost:3000/" "Mozilla/5.0 (Windows NT 10.0; Win64; x64) AppleWebKit/537.36 (KHTML, like Gecko) Chrome/94.0.4606.61 Safari/537.36"
::1 - - [14/Nov/2021:06:42:46 +0000] "GET //static/avatar/61361f77c1cc31c6ef7b39d5/banner-04.jpg HTTP/1.1" 304 - "http://localhost:3000/" "Mozilla/5.0 (Windows NT 10.0; Win64; x64) AppleWebKit/537.36 (KHTML, like Gecko) Chrome/94.0.4606.61 Safari/537.36"
::1 - - [14/Nov/2021:06:42:49 +0000] "GET / HTTP/1.1" 404 139 "http://localhost:3000/" "Mozilla/5.0 (Windows NT 10.0; Win64; x64) AppleWebKit/537.36 (KHTML, like Gecko) Chrome/94.0.4606.61 Safari/537.36"
::1 - - [14/Nov/2021:06:42:49 +0000] "OPTIONS /product/6180fd9b10163b38646b9f6c HTTP/1.1" 204 0 "http://localhost:3000/" "Mozilla/5.0 (Windows NT 10.0; Win64; x64) AppleWebKit/537.36 (KHTML, like Gecko) Chrome/94.0.4606.61 Safari/537.36"
::1 - - [14/Nov/2021:06:42:49 +0000] "GET /product/6180fd9b10163b38646b9f6c HTTP/1.1" 304 - "http://localhost:3000/" "Mozilla/5.0 (Windows NT 10.0; Win64; x64) AppleWebKit/537.36 (KHTML, like Gecko) Chrome/94.0.4606.61 Safari/537.36"
::1 - - [14/Nov/2021:06:42:49 +0000] "GET //static/imgs/6180fd9b10163b38646b9f6c/blog-4.jpg HTTP/1.1" 304 - "http://localhost:3000/" "Mozilla/5.0 (Windows NT 10.0; Win64; x64) AppleWebKit/537.36 (KHTML, like Gecko) Chrome/94.0.4606.61 Safari/537.36"
::1 - - [14/Nov/2021:06:42:49 +0000] "GET //static/imgs/6180fd9b10163b38646b9f6c/blog-inside-post.jpg HTTP/1.1" 304 - "http://localhost:3000/" "Mozilla/5.0 (Windows NT 10.0; Win64; x64) AppleWebKit/537.36 (KHTML, like Gecko) Chrome/94.0.4606.61 Safari/537.36"
::1 - - [14/Nov/2021:06:42:49 +0000] "GET //static/imgs/6180fd9b10163b38646b9f6c/comments-1.jpg HTTP/1.1" 304 - "http://localhost:3000/" "Mozilla/5.0 (Windows NT 10.0; Win64; x64) AppleWebKit/537.36 (KHTML, like Gecko) Chrome/94.0.4606.61 Safari/537.36"
::1 - - [14/Nov/2021:06:42:49 +0000] "OPTIONS /product?category=man HTTP/1.1" 204 0 "http://localhost:3000/" "Mozilla/5.0 (Windows NT 10.0; Win64; x64) AppleWebKit/537.36 (KHTML, like Gecko) Chrome/94.0.4606.61 Safari/537.36"
::1 - - [14/Nov/2021:06:42:49 +0000] "OPTIONS /favorite/check HTTP/1.1" 204 0 "http://localhost:3000/" "Mozilla/5.0 (Windows NT 10.0; Win64; x64) AppleWebKit/537.36 (KHTML, like Gecko) Chrome/94.0.4606.61 Safari/537.36"
::1 - - [14/Nov/2021:06:43:14 +0000] "POST /favorite/check HTTP/1.1" 400 24 "http://localhost:3000/" "Mozilla/5.0 (Windows NT 10.0; Win64; x64) AppleWebKit/537.36 (KHTML, like Gecko) Chrome/94.0.4606.61 Safari/537.36"
::1 - - [14/Nov/2021:06:43:14 +0000] "GET /product?category=man HTTP/1.1" 304 - "http://localhost:3000/" "Mozilla/5.0 (Windows NT 10.0; Win64; x64) AppleWebKit/537.36 (KHTML, like Gecko) Chrome/94.0.4606.61 Safari/537.36"
::1 - - [14/Nov/2021:06:43:14 +0000] "GET //static/thumb/6180fd9b10163b38646b9f6c/comments-5.jpg HTTP/1.1" 304 - "http://localhost:3000/" "Mozilla/5.0 (Windows NT 10.0; Win64; x64) AppleWebKit/537.36 (KHTML, like Gecko) Chrome/94.0.4606.61 Safari/537.36"
::1 - - [14/Nov/2021:06:43:14 +0000] "GET //static/thumb/618103392749bd6f704fa188/video4.jpg HTTP/1.1" 304 - "http://localhost:3000/" "Mozilla/5.0 (Windows NT 10.0; Win64; x64) AppleWebKit/537.36 (KHTML, like Gecko) Chrome/94.0.4606.61 Safari/537.36"
::1 - - [14/Nov/2021:06:43:14 +0000] "GET //static/avatar/6135ebef10c239036b8b9559/thumb-03.jpg HTTP/1.1" 304 - "http://localhost:3000/" "Mozilla/5.0 (Windows NT 10.0; Win64; x64) AppleWebKit/537.36 (KHTML, like Gecko) Chrome/94.0.4606.61 Safari/537.36"
::1 - - [14/Nov/2021:06:43:14 +0000] "GET //static/avatar/61361f77c1cc31c6ef7b39d5/banner-04.jpg HTTP/1.1" 304 - "http://localhost:3000/" "Mozilla/5.0 (Windows NT 10.0; Win64; x64) AppleWebKit/537.36 (KHTML, like Gecko) Chrome/94.0.4606.61 Safari/537.36"
::1 - - [14/Nov/2021:06:44:33 +0000] "GET / HTTP/1.1" 404 139 "http://localhost:3000/" "Mozilla/5.0 (Windows NT 10.0; Win64; x64) AppleWebKit/537.36 (KHTML, like Gecko) Chrome/94.0.4606.61 Safari/537.36"
::1 - - [14/Nov/2021:06:44:36 +0000] "OPTIONS /product/6180fd9b10163b38646b9f6c HTTP/1.1" 204 0 "http://localhost:3000/" "Mozilla/5.0 (Windows NT 10.0; Win64; x64) AppleWebKit/537.36 (KHTML, like Gecko) Chrome/94.0.4606.61 Safari/537.36"
::1 - - [14/Nov/2021:06:44:36 +0000] "GET /product/6180fd9b10163b38646b9f6c HTTP/1.1" 200 1469 "http://localhost:3000/" "Mozilla/5.0 (Windows NT 10.0; Win64; x64) AppleWebKit/537.36 (KHTML, like Gecko) Chrome/94.0.4606.61 Safari/537.36"
::1 - - [14/Nov/2021:06:44:37 +0000] "OPTIONS /product?category=man HTTP/1.1" 204 0 "http://localhost:3000/" "Mozilla/5.0 (Windows NT 10.0; Win64; x64) AppleWebKit/537.36 (KHTML, like Gecko) Chrome/94.0.4606.61 Safari/537.36"
::1 - - [14/Nov/2021:06:44:37 +0000] "OPTIONS /favorite/check HTTP/1.1" 204 0 "http://localhost:3000/" "Mozilla/5.0 (Windows NT 10.0; Win64; x64) AppleWebKit/537.36 (KHTML, like Gecko) Chrome/94.0.4606.61 Safari/537.36"
::1 - - [14/Nov/2021:06:44:41 +0000] "POST /favorite/check HTTP/1.1" 400 24 "http://localhost:3000/" "Mozilla/5.0 (Windows NT 10.0; Win64; x64) AppleWebKit/537.36 (KHTML, like Gecko) Chrome/94.0.4606.61 Safari/537.36"
::1 - - [14/Nov/2021:06:44:41 +0000] "GET //static/imgs/6180fd9b10163b38646b9f6c/comments-1.jpg HTTP/1.1" 200 17444 "http://localhost:3000/" "Mozilla/5.0 (Windows NT 10.0; Win64; x64) AppleWebKit/537.36 (KHTML, like Gecko) Chrome/94.0.4606.61 Safari/537.36"
::1 - - [14/Nov/2021:06:44:41 +0000] "GET //static/imgs/6180fd9b10163b38646b9f6c/blog-4.jpg HTTP/1.1" 200 104099 "http://localhost:3000/" "Mozilla/5.0 (Windows NT 10.0; Win64; x64) AppleWebKit/537.36 (KHTML, like Gecko) Chrome/94.0.4606.61 Safari/537.36"
::1 - - [14/Nov/2021:06:44:41 +0000] "GET //static/imgs/6180fd9b10163b38646b9f6c/blog-inside-post.jpg HTTP/1.1" 200 85335 "http://localhost:3000/" "Mozilla/5.0 (Windows NT 10.0; Win64; x64) AppleWebKit/537.36 (KHTML, like Gecko) Chrome/94.0.4606.61 Safari/537.36"
::1 - - [14/Nov/2021:06:44:41 +0000] "GET /product?category=man HTTP/1.1" 200 2286 "http://localhost:3000/" "Mozilla/5.0 (Windows NT 10.0; Win64; x64) AppleWebKit/537.36 (KHTML, like Gecko) Chrome/94.0.4606.61 Safari/537.36"
::1 - - [14/Nov/2021:06:46:17 +0000] "GET //static/thumb/6180fd9b10163b38646b9f6c/comments-5.jpg HTTP/1.1" 200 10855 "http://localhost:3000/" "Mozilla/5.0 (Windows NT 10.0; Win64; x64) AppleWebKit/537.36 (KHTML, like Gecko) Chrome/94.0.4606.61 Safari/537.36"
::1 - - [14/Nov/2021:06:46:17 +0000] "GET //static/thumb/618103392749bd6f704fa188/video4.jpg HTTP/1.1" 200 93369 "http://localhost:3000/" "Mozilla/5.0 (Windows NT 10.0; Win64; x64) AppleWebKit/537.36 (KHTML, like Gecko) Chrome/94.0.4606.61 Safari/537.36"
::1 - - [14/Nov/2021:06:46:17 +0000] "GET //static/avatar/6135ebef10c239036b8b9559/thumb-03.jpg HTTP/1.1" 200 5707 "http://localhost:3000/" "Mozilla/5.0 (Windows NT 10.0; Win64; x64) AppleWebKit/537.36 (KHTML, like Gecko) Chrome/94.0.4606.61 Safari/537.36"
::1 - - [14/Nov/2021:06:46:17 +0000] "GET //static/avatar/61361f77c1cc31c6ef7b39d5/banner-04.jpg HTTP/1.1" 200 71401 "http://localhost:3000/" "Mozilla/5.0 (Windows NT 10.0; Win64; x64) AppleWebKit/537.36 (KHTML, like Gecko) Chrome/94.0.4606.61 Safari/537.36"
::1 - - [14/Nov/2021:06:47:25 +0000] "GET / HTTP/1.1" 404 139 "http://localhost:3000/" "Mozilla/5.0 (Windows NT 10.0; Win64; x64) AppleWebKit/537.36 (KHTML, like Gecko) Chrome/94.0.4606.61 Safari/537.36"
::1 - - [14/Nov/2021:06:47:32 +0000] "OPTIONS /product/6180fd9b10163b38646b9f6c HTTP/1.1" 204 0 "http://localhost:3000/" "Mozilla/5.0 (Windows NT 10.0; Win64; x64) AppleWebKit/537.36 (KHTML, like Gecko) Chrome/94.0.4606.61 Safari/537.36"
::1 - - [14/Nov/2021:06:47:32 +0000] "GET /product/6180fd9b10163b38646b9f6c HTTP/1.1" 200 1469 "http://localhost:3000/" "Mozilla/5.0 (Windows NT 10.0; Win64; x64) AppleWebKit/537.36 (KHTML, like Gecko) Chrome/94.0.4606.61 Safari/537.36"
::1 - - [14/Nov/2021:06:47:33 +0000] "OPTIONS /product?category=man HTTP/1.1" 204 0 "http://localhost:3000/" "Mozilla/5.0 (Windows NT 10.0; Win64; x64) AppleWebKit/537.36 (KHTML, like Gecko) Chrome/94.0.4606.61 Safari/537.36"
::1 - - [14/Nov/2021:06:47:33 +0000] "OPTIONS /favorite/check HTTP/1.1" 204 0 "http://localhost:3000/" "Mozilla/5.0 (Windows NT 10.0; Win64; x64) AppleWebKit/537.36 (KHTML, like Gecko) Chrome/94.0.4606.61 Safari/537.36"
::1 - - [14/Nov/2021:06:47:33 +0000] "GET //static/imgs/6180fd9b10163b38646b9f6c/comments-1.jpg HTTP/1.1" 200 17444 "http://localhost:3000/" "Mozilla/5.0 (Windows NT 10.0; Win64; x64) AppleWebKit/537.36 (KHTML, like Gecko) Chrome/94.0.4606.61 Safari/537.36"
::1 - - [14/Nov/2021:06:48:55 +0000] "GET //static/avatar/6135ebef10c239036b8b9559/thumb-03.jpg HTTP/1.1" 304 - "http://localhost:3000/" "Mozilla/5.0 (Windows NT 10.0; Win64; x64) AppleWebKit/537.36 (KHTML, like Gecko) Chrome/94.0.4606.61 Safari/537.36"
::1 - - [14/Nov/2021:06:48:55 +0000] "GET //static/avatar/61361f77c1cc31c6ef7b39d5/banner-04.jpg HTTP/1.1" 304 - "http://localhost:3000/" "Mozilla/5.0 (Windows NT 10.0; Win64; x64) AppleWebKit/537.36 (KHTML, like Gecko) Chrome/94.0.4606.61 Safari/537.36"
::1 - - [14/Nov/2021:06:48:56 +0000] "GET / HTTP/1.1" 404 139 "http://localhost:3000/" "Mozilla/5.0 (Windows NT 10.0; Win64; x64) AppleWebKit/537.36 (KHTML, like Gecko) Chrome/94.0.4606.61 Safari/537.36"
::1 - - [14/Nov/2021:06:48:56 +0000] "OPTIONS /product/6180fd9b10163b38646b9f6c HTTP/1.1" 204 0 "http://localhost:3000/" "Mozilla/5.0 (Windows NT 10.0; Win64; x64) AppleWebKit/537.36 (KHTML, like Gecko) Chrome/94.0.4606.61 Safari/537.36"
::1 - - [14/Nov/2021:06:48:56 +0000] "GET /product/6180fd9b10163b38646b9f6c HTTP/1.1" 304 - "http://localhost:3000/" "Mozilla/5.0 (Windows NT 10.0; Win64; x64) AppleWebKit/537.36 (KHTML, like Gecko) Chrome/94.0.4606.61 Safari/537.36"
::1 - - [14/Nov/2021:06:48:56 +0000] "GET //static/imgs/6180fd9b10163b38646b9f6c/comments-1.jpg HTTP/1.1" 304 - "http://localhost:3000/" "Mozilla/5.0 (Windows NT 10.0; Win64; x64) AppleWebKit/537.36 (KHTML, like Gecko) Chrome/94.0.4606.61 Safari/537.36"
::1 - - [14/Nov/2021:06:48:56 +0000] "OPTIONS /product?category=man HTTP/1.1" 204 0 "http://localhost:3000/" "Mozilla/5.0 (Windows NT 10.0; Win64; x64) AppleWebKit/537.36 (KHTML, like Gecko) Chrome/94.0.4606.61 Safari/537.36"
::1 - - [14/Nov/2021:06:48:56 +0000] "OPTIONS /favorite/check HTTP/1.1" 204 0 "http://localhost:3000/" "Mozilla/5.0 (Windows NT 10.0; Win64; x64) AppleWebKit/537.36 (KHTML, like Gecko) Chrome/94.0.4606.61 Safari/537.36"
::1 - - [14/Nov/2021:06:48:56 +0000] "GET //static/imgs/6180fd9b10163b38646b9f6c/blog-4.jpg HTTP/1.1" 206 1 "http://localhost:3000/" "Mozilla/5.0 (Windows NT 10.0; Win64; x64) AppleWebKit/537.36 (KHTML, like Gecko) Chrome/94.0.4606.61 Safari/537.36"
::1 - - [14/Nov/2021:06:49:05 +0000] "GET //static/imgs/6180fd9b10163b38646b9f6c/blog-inside-post.jpg HTTP/1.1" 206 1 "http://localhost:3000/" "Mozilla/5.0 (Windows NT 10.0; Win64; x64) AppleWebKit/537.36 (KHTML, like Gecko) Chrome/94.0.4606.61 Safari/537.36"
::1 - - [14/Nov/2021:06:49:05 +0000] "GET //static/imgs/6180fd9b10163b38646b9f6c/blog-4.jpg HTTP/1.1" 206 99123 "http://localhost:3000/" "Mozilla/5.0 (Windows NT 10.0; Win64; x64) AppleWebKit/537.36 (KHTML, like Gecko) Chrome/94.0.4606.61 Safari/537.36"
::1 - - [14/Nov/2021:06:49:05 +0000] "GET //static/imgs/6180fd9b10163b38646b9f6c/blog-inside-post.jpg HTTP/1.1" 206 37247 "http://localhost:3000/" "Mozilla/5.0 (Windows NT 10.0; Win64; x64) AppleWebKit/537.36 (KHTML, like Gecko) Chrome/94.0.4606.61 Safari/537.36"
::1 - - [14/Nov/2021:06:49:05 +0000] "GET /product?category=man HTTP/1.1" 200 2286 "http://localhost:3000/" "Mozilla/5.0 (Windows NT 10.0; Win64; x64) AppleWebKit/537.36 (KHTML, like Gecko) Chrome/94.0.4606.61 Safari/537.36"
::1 - - [14/Nov/2021:06:49:24 +0000] "GET //static/thumb/6180fd9b10163b38646b9f6c/comments-5.jpg HTTP/1.1" 200 10855 "http://localhost:3000/" "Mozilla/5.0 (Windows NT 10.0; Win64; x64) AppleWebKit/537.36 (KHTML, like Gecko) Chrome/94.0.4606.61 Safari/537.36"
::1 - - [14/Nov/2021:06:49:24 +0000] "GET //static/thumb/618103392749bd6f704fa188/video4.jpg HTTP/1.1" 200 93369 "http://localhost:3000/" "Mozilla/5.0 (Windows NT 10.0; Win64; x64) AppleWebKit/537.36 (KHTML, like Gecko) Chrome/94.0.4606.61 Safari/537.36"
::1 - - [14/Nov/2021:06:49:24 +0000] "GET //static/avatar/6135ebef10c239036b8b9559/thumb-03.jpg HTTP/1.1" 200 5707 "http://localhost:3000/" "Mozilla/5.0 (Windows NT 10.0; Win64; x64) AppleWebKit/537.36 (KHTML, like Gecko) Chrome/94.0.4606.61 Safari/537.36"
::1 - - [14/Nov/2021:06:49:24 +0000] "GET //static/avatar/61361f77c1cc31c6ef7b39d5/banner-04.jpg HTTP/1.1" 200 71401 "http://localhost:3000/" "Mozilla/5.0 (Windows NT 10.0; Win64; x64) AppleWebKit/537.36 (KHTML, like Gecko) Chrome/94.0.4606.61 Safari/537.36"
::1 - - [14/Nov/2021:06:49:29 +0000] "OPTIONS /favorite HTTP/1.1" 204 0 "http://localhost:3000/" "Mozilla/5.0 (Windows NT 10.0; Win64; x64) AppleWebKit/537.36 (KHTML, like Gecko) Chrome/94.0.4606.61 Safari/537.36"
::ffff:127.0.0.1 - - [14/Nov/2021:06:51:08 +0000] "OPTIONS /product/6180fd9b10163b38646b9f6c HTTP/1.1" 204 0 "http://localhost:3000/" "Mozilla/5.0 (Windows NT 10.0; Win64; x64) AppleWebKit/537.36 (KHTML, like Gecko) Chrome/94.0.4606.61 Safari/537.36"
::ffff:127.0.0.1 - - [14/Nov/2021:06:51:08 +0000] "GET /product/6180fd9b10163b38646b9f6c HTTP/1.1" 200 1469 "http://localhost:3000/" "Mozilla/5.0 (Windows NT 10.0; Win64; x64) AppleWebKit/537.36 (KHTML, like Gecko) Chrome/94.0.4606.61 Safari/537.36"
::ffff:127.0.0.1 - - [14/Nov/2021:06:51:09 +0000] "OPTIONS /product?category=man HTTP/1.1" 204 0 "http://localhost:3000/" "Mozilla/5.0 (Windows NT 10.0; Win64; x64) AppleWebKit/537.36 (KHTML, like Gecko) Chrome/94.0.4606.61 Safari/537.36"
::ffff:127.0.0.1 - - [14/Nov/2021:06:51:09 +0000] "OPTIONS /favorite/check HTTP/1.1" 204 0 "http://localhost:3000/" "Mozilla/5.0 (Windows NT 10.0; Win64; x64) AppleWebKit/537.36 (KHTML, like Gecko) Chrome/94.0.4606.61 Safari/537.36"
::ffff:127.0.0.1 - - [14/Nov/2021:06:51:14 +0000] "POST /favorite/check HTTP/1.1" 400 15 "http://localhost:3000/" "Mozilla/5.0 (Windows NT 10.0; Win64; x64) AppleWebKit/537.36 (KHTML, like Gecko) Chrome/94.0.4606.61 Safari/537.36"
::1 - - [14/Nov/2021:06:51:14 +0000] "GET //static/imgs/6180fd9b10163b38646b9f6c/comments-1.jpg HTTP/1.1" 200 17444 "http://localhost:3000/" "Mozilla/5.0 (Windows NT 10.0; Win64; x64) AppleWebKit/537.36 (KHTML, like Gecko) Chrome/94.0.4606.61 Safari/537.36"
::1 - - [14/Nov/2021:06:51:14 +0000] "GET //static/imgs/6180fd9b10163b38646b9f6c/blog-4.jpg HTTP/1.1" 200 104099 "http://localhost:3000/" "Mozilla/5.0 (Windows NT 10.0; Win64; x64) AppleWebKit/537.36 (KHTML, like Gecko) Chrome/94.0.4606.61 Safari/537.36"
::1 - - [14/Nov/2021:06:51:14 +0000] "GET //static/imgs/6180fd9b10163b38646b9f6c/blog-inside-post.jpg HTTP/1.1" 200 85335 "http://localhost:3000/" "Mozilla/5.0 (Windows NT 10.0; Win64; x64) AppleWebKit/537.36 (KHTML, like Gecko) Chrome/94.0.4606.61 Safari/537.36"
::ffff:127.0.0.1 - - [14/Nov/2021:06:51:14 +0000] "GET /product?category=man HTTP/1.1" 200 2286 "http://localhost:3000/" "Mozilla/5.0 (Windows NT 10.0; Win64; x64) AppleWebKit/537.36 (KHTML, like Gecko) Chrome/94.0.4606.61 Safari/537.36"
::1 - - [14/Nov/2021:06:51:48 +0000] "GET //static/thumb/6180fd9b10163b38646b9f6c/comments-5.jpg HTTP/1.1" 200 10855 "http://localhost:3000/" "Mozilla/5.0 (Windows NT 10.0; Win64; x64) AppleWebKit/537.36 (KHTML, like Gecko) Chrome/94.0.4606.61 Safari/537.36"
::1 - - [14/Nov/2021:06:51:48 +0000] "GET //static/avatar/6135ebef10c239036b8b9559/thumb-03.jpg HTTP/1.1" 200 5707 "http://localhost:3000/" "Mozilla/5.0 (Windows NT 10.0; Win64; x64) AppleWebKit/537.36 (KHTML, like Gecko) Chrome/94.0.4606.61 Safari/537.36"
::1 - - [14/Nov/2021:06:51:48 +0000] "GET //static/thumb/618103392749bd6f704fa188/video4.jpg HTTP/1.1" 200 93369 "http://localhost:3000/" "Mozilla/5.0 (Windows NT 10.0; Win64; x64) AppleWebKit/537.36 (KHTML, like Gecko) Chrome/94.0.4606.61 Safari/537.36"
::1 - - [14/Nov/2021:06:51:48 +0000] "GET //static/avatar/61361f77c1cc31c6ef7b39d5/banner-04.jpg HTTP/1.1" 200 71401 "http://localhost:3000/" "Mozilla/5.0 (Windows NT 10.0; Win64; x64) AppleWebKit/537.36 (KHTML, like Gecko) Chrome/94.0.4606.61 Safari/537.36"
::1 - - [14/Nov/2021:06:52:05 +0000] "GET / HTTP/1.1" 404 139 "http://localhost:3000/" "Mozilla/5.0 (Windows NT 10.0; Win64; x64) AppleWebKit/537.36 (KHTML, like Gecko) Chrome/94.0.4606.61 Safari/537.36"
::1 - - [14/Nov/2021:06:52:09 +0000] "OPTIONS /product/6180fd9b10163b38646b9f6c HTTP/1.1" 204 0 "http://localhost:3000/" "Mozilla/5.0 (Windows NT 10.0; Win64; x64) AppleWebKit/537.36 (KHTML, like Gecko) Chrome/94.0.4606.61 Safari/537.36"
::1 - - [14/Nov/2021:06:52:09 +0000] "GET /product/6180fd9b10163b38646b9f6c HTTP/1.1" 200 1469 "http://localhost:3000/" "Mozilla/5.0 (Windows NT 10.0; Win64; x64) AppleWebKit/537.36 (KHTML, like Gecko) Chrome/94.0.4606.61 Safari/537.36"
::1 - - [14/Nov/2021:06:52:10 +0000] "OPTIONS /product?category=man HTTP/1.1" 204 0 "http://localhost:3000/" "Mozilla/5.0 (Windows NT 10.0; Win64; x64) AppleWebKit/537.36 (KHTML, like Gecko) Chrome/94.0.4606.61 Safari/537.36"
::1 - - [14/Nov/2021:06:52:10 +0000] "OPTIONS /favorite/check HTTP/1.1" 204 0 "http://localhost:3000/" "Mozilla/5.0 (Windows NT 10.0; Win64; x64) AppleWebKit/537.36 (KHTML, like Gecko) Chrome/94.0.4606.61 Safari/537.36"
::1 - - [14/Nov/2021:06:52:12 +0000] "POST /favorite/check HTTP/1.1" 400 15 "http://localhost:3000/" "Mozilla/5.0 (Windows NT 10.0; Win64; x64) AppleWebKit/537.36 (KHTML, like Gecko) Chrome/94.0.4606.61 Safari/537.36"
::1 - - [14/Nov/2021:06:52:12 +0000] "GET //static/imgs/6180fd9b10163b38646b9f6c/comments-1.jpg HTTP/1.1" 200 17444 "http://localhost:3000/" "Mozilla/5.0 (Windows NT 10.0; Win64; x64) AppleWebKit/537.36 (KHTML, like Gecko) Chrome/94.0.4606.61 Safari/537.36"
::1 - - [14/Nov/2021:06:52:12 +0000] "GET //static/imgs/6180fd9b10163b38646b9f6c/blog-inside-post.jpg HTTP/1.1" 200 85335 "http://localhost:3000/" "Mozilla/5.0 (Windows NT 10.0; Win64; x64) AppleWebKit/537.36 (KHTML, like Gecko) Chrome/94.0.4606.61 Safari/537.36"
::1 - - [14/Nov/2021:06:52:12 +0000] "GET //static/imgs/6180fd9b10163b38646b9f6c/blog-4.jpg HTTP/1.1" 200 104099 "http://localhost:3000/" "Mozilla/5.0 (Windows NT 10.0; Win64; x64) AppleWebKit/537.36 (KHTML, like Gecko) Chrome/94.0.4606.61 Safari/537.36"
::1 - - [14/Nov/2021:06:52:12 +0000] "GET /product?category=man HTTP/1.1" 200 2286 "http://localhost:3000/" "Mozilla/5.0 (Windows NT 10.0; Win64; x64) AppleWebKit/537.36 (KHTML, like Gecko) Chrome/94.0.4606.61 Safari/537.36"
::1 - - [14/Nov/2021:06:53:53 +0000] "GET / HTTP/1.1" 404 139 "http://localhost:3000/" "Mozilla/5.0 (Windows NT 10.0; Win64; x64) AppleWebKit/537.36 (KHTML, like Gecko) Chrome/94.0.4606.61 Safari/537.36"
::1 - - [14/Nov/2021:06:53:55 +0000] "OPTIONS /product/6180fd9b10163b38646b9f6c HTTP/1.1" 204 0 "http://localhost:3000/" "Mozilla/5.0 (Windows NT 10.0; Win64; x64) AppleWebKit/537.36 (KHTML, like Gecko) Chrome/94.0.4606.61 Safari/537.36"
::1 - - [14/Nov/2021:06:53:56 +0000] "GET /product/6180fd9b10163b38646b9f6c HTTP/1.1" 200 1469 "http://localhost:3000/" "Mozilla/5.0 (Windows NT 10.0; Win64; x64) AppleWebKit/537.36 (KHTML, like Gecko) Chrome/94.0.4606.61 Safari/537.36"
::1 - - [14/Nov/2021:06:53:57 +0000] "OPTIONS /product?category=man HTTP/1.1" 204 0 "http://localhost:3000/" "Mozilla/5.0 (Windows NT 10.0; Win64; x64) AppleWebKit/537.36 (KHTML, like Gecko) Chrome/94.0.4606.61 Safari/537.36"
::1 - - [14/Nov/2021:06:53:57 +0000] "OPTIONS /favorite/check HTTP/1.1" 204 0 "http://localhost:3000/" "Mozilla/5.0 (Windows NT 10.0; Win64; x64) AppleWebKit/537.36 (KHTML, like Gecko) Chrome/94.0.4606.61 Safari/537.36"
::ffff:127.0.0.1 - - [14/Nov/2021:06:53:57 +0000] "GET //static/imgs/6180fd9b10163b38646b9f6c/comments-1.jpg HTTP/1.1" 200 17444 "http://localhost:3000/" "Mozilla/5.0 (Windows NT 10.0; Win64; x64) AppleWebKit/537.36 (KHTML, like Gecko) Chrome/94.0.4606.61 Safari/537.36"
::1 - - [14/Nov/2021:06:53:59 +0000] "POST /favorite/check HTTP/1.1" 400 18 "http://localhost:3000/" "Mozilla/5.0 (Windows NT 10.0; Win64; x64) AppleWebKit/537.36 (KHTML, like Gecko) Chrome/94.0.4606.61 Safari/537.36"
::ffff:127.0.0.1 - - [14/Nov/2021:06:53:59 +0000] "GET //static/imgs/6180fd9b10163b38646b9f6c/blog-4.jpg HTTP/1.1" 200 104099 "http://localhost:3000/" "Mozilla/5.0 (Windows NT 10.0; Win64; x64) AppleWebKit/537.36 (KHTML, like Gecko) Chrome/94.0.4606.61 Safari/537.36"
::ffff:127.0.0.1 - - [14/Nov/2021:06:53:59 +0000] "GET //static/imgs/6180fd9b10163b38646b9f6c/blog-inside-post.jpg HTTP/1.1" 200 85335 "http://localhost:3000/" "Mozilla/5.0 (Windows NT 10.0; Win64; x64) AppleWebKit/537.36 (KHTML, like Gecko) Chrome/94.0.4606.61 Safari/537.36"
::1 - - [14/Nov/2021:06:53:59 +0000] "GET /product?category=man HTTP/1.1" 200 2286 "http://localhost:3000/" "Mozilla/5.0 (Windows NT 10.0; Win64; x64) AppleWebKit/537.36 (KHTML, like Gecko) Chrome/94.0.4606.61 Safari/537.36"
::ffff:127.0.0.1 - - [14/Nov/2021:06:54:33 +0000] "GET //static/thumb/6180fd9b10163b38646b9f6c/comments-5.jpg HTTP/1.1" 200 10855 "http://localhost:3000/" "Mozilla/5.0 (Windows NT 10.0; Win64; x64) AppleWebKit/537.36 (KHTML, like Gecko) Chrome/94.0.4606.61 Safari/537.36"
::1 - - [14/Nov/2021:06:54:33 +0000] "GET //static/avatar/6135ebef10c239036b8b9559/thumb-03.jpg HTTP/1.1" 200 5707 "http://localhost:3000/" "Mozilla/5.0 (Windows NT 10.0; Win64; x64) AppleWebKit/537.36 (KHTML, like Gecko) Chrome/94.0.4606.61 Safari/537.36"
::1 - - [14/Nov/2021:06:54:33 +0000] "GET //static/thumb/618103392749bd6f704fa188/video4.jpg HTTP/1.1" 200 93369 "http://localhost:3000/" "Mozilla/5.0 (Windows NT 10.0; Win64; x64) AppleWebKit/537.36 (KHTML, like Gecko) Chrome/94.0.4606.61 Safari/537.36"
::1 - - [14/Nov/2021:06:54:33 +0000] "GET //static/avatar/61361f77c1cc31c6ef7b39d5/banner-04.jpg HTTP/1.1" 200 71401 "http://localhost:3000/" "Mozilla/5.0 (Windows NT 10.0; Win64; x64) AppleWebKit/537.36 (KHTML, like Gecko) Chrome/94.0.4606.61 Safari/537.36"
::1 - - [14/Nov/2021:06:55:50 +0000] "OPTIONS /favorite/check HTTP/1.1" 204 0 "http://localhost:3000/" "Mozilla/5.0 (Windows NT 10.0; Win64; x64) AppleWebKit/537.36 (KHTML, like Gecko) Chrome/94.0.4606.61 Safari/537.36"
::1 - - [14/Nov/2021:06:55:56 +0000] "POST /favorite/check HTTP/1.1" 400 18 "http://localhost:3000/" "Mozilla/5.0 (Windows NT 10.0; Win64; x64) AppleWebKit/537.36 (KHTML, like Gecko) Chrome/94.0.4606.61 Safari/537.36"
::1 - - [14/Nov/2021:06:55:56 +0000] "OPTIONS /product/6180fd9b10163b38646b9f6c HTTP/1.1" 204 0 "http://localhost:3000/" "Mozilla/5.0 (Windows NT 10.0; Win64; x64) AppleWebKit/537.36 (KHTML, like Gecko) Chrome/94.0.4606.61 Safari/537.36"
::1 - - [14/Nov/2021:06:55:56 +0000] "GET /product/6180fd9b10163b38646b9f6c HTTP/1.1" 304 - "http://localhost:3000/" "Mozilla/5.0 (Windows NT 10.0; Win64; x64) AppleWebKit/537.36 (KHTML, like Gecko) Chrome/94.0.4606.61 Safari/537.36"
::1 - - [14/Nov/2021:06:55:56 +0000] "OPTIONS /product?category=man HTTP/1.1" 204 0 "http://localhost:3000/" "Mozilla/5.0 (Windows NT 10.0; Win64; x64) AppleWebKit/537.36 (KHTML, like Gecko) Chrome/94.0.4606.61 Safari/537.36"
::1 - - [14/Nov/2021:06:55:56 +0000] "GET /product?category=man HTTP/1.1" 304 - "http://localhost:3000/" "Mozilla/5.0 (Windows NT 10.0; Win64; x64) AppleWebKit/537.36 (KHTML, like Gecko) Chrome/94.0.4606.61 Safari/537.36"
::1 - - [14/Nov/2021:06:56:00 +0000] "GET / HTTP/1.1" 404 139 "http://localhost:3000/" "Mozilla/5.0 (Windows NT 10.0; Win64; x64) AppleWebKit/537.36 (KHTML, like Gecko) Chrome/94.0.4606.61 Safari/537.36"
::1 - - [14/Nov/2021:06:56:00 +0000] "GET /product/6180fd9b10163b38646b9f6c HTTP/1.1" 304 - "http://localhost:3000/" "Mozilla/5.0 (Windows NT 10.0; Win64; x64) AppleWebKit/537.36 (KHTML, like Gecko) Chrome/94.0.4606.61 Safari/537.36"
::1 - - [14/Nov/2021:06:56:00 +0000] "GET //static/imgs/6180fd9b10163b38646b9f6c/blog-4.jpg HTTP/1.1" 304 - "http://localhost:3000/" "Mozilla/5.0 (Windows NT 10.0; Win64; x64) AppleWebKit/537.36 (KHTML, like Gecko) Chrome/94.0.4606.61 Safari/537.36"
::1 - - [14/Nov/2021:06:56:00 +0000] "GET //static/imgs/6180fd9b10163b38646b9f6c/blog-inside-post.jpg HTTP/1.1" 304 - "http://localhost:3000/" "Mozilla/5.0 (Windows NT 10.0; Win64; x64) AppleWebKit/537.36 (KHTML, like Gecko) Chrome/94.0.4606.61 Safari/537.36"
::1 - - [14/Nov/2021:06:56:00 +0000] "OPTIONS /favorite/check HTTP/1.1" 204 0 "http://localhost:3000/" "Mozilla/5.0 (Windows NT 10.0; Win64; x64) AppleWebKit/537.36 (KHTML, like Gecko) Chrome/94.0.4606.61 Safari/537.36"
::1 - - [14/Nov/2021:06:56:00 +0000] "GET //static/imgs/6180fd9b10163b38646b9f6c/comments-1.jpg HTTP/1.1" 304 - "http://localhost:3000/" "Mozilla/5.0 (Windows NT 10.0; Win64; x64) AppleWebKit/537.36 (KHTML, like Gecko) Chrome/94.0.4606.61 Safari/537.36"
::1 - - [14/Nov/2021:06:56:06 +0000] "POST /favorite/check HTTP/1.1" 400 18 "http://localhost:3000/" "Mozilla/5.0 (Windows NT 10.0; Win64; x64) AppleWebKit/537.36 (KHTML, like Gecko) Chrome/94.0.4606.61 Safari/537.36"
::1 - - [14/Nov/2021:06:56:06 +0000] "GET /product?category=man HTTP/1.1" 304 - "http://localhost:3000/" "Mozilla/5.0 (Windows NT 10.0; Win64; x64) AppleWebKit/537.36 (KHTML, like Gecko) Chrome/94.0.4606.61 Safari/537.36"
::1 - - [14/Nov/2021:06:56:06 +0000] "GET //static/thumb/6180fd9b10163b38646b9f6c/comments-5.jpg HTTP/1.1" 304 - "http://localhost:3000/" "Mozilla/5.0 (Windows NT 10.0; Win64; x64) AppleWebKit/537.36 (KHTML, like Gecko) Chrome/94.0.4606.61 Safari/537.36"
::1 - - [14/Nov/2021:06:56:06 +0000] "GET //static/thumb/618103392749bd6f704fa188/video4.jpg HTTP/1.1" 304 - "http://localhost:3000/" "Mozilla/5.0 (Windows NT 10.0; Win64; x64) AppleWebKit/537.36 (KHTML, like Gecko) Chrome/94.0.4606.61 Safari/537.36"
::1 - - [14/Nov/2021:06:56:06 +0000] "GET //static/avatar/6135ebef10c239036b8b9559/thumb-03.jpg HTTP/1.1" 304 - "http://localhost:3000/" "Mozilla/5.0 (Windows NT 10.0; Win64; x64) AppleWebKit/537.36 (KHTML, like Gecko) Chrome/94.0.4606.61 Safari/537.36"
::1 - - [14/Nov/2021:06:56:06 +0000] "GET //static/avatar/61361f77c1cc31c6ef7b39d5/banner-04.jpg HTTP/1.1" 304 - "http://localhost:3000/" "Mozilla/5.0 (Windows NT 10.0; Win64; x64) AppleWebKit/537.36 (KHTML, like Gecko) Chrome/94.0.4606.61 Safari/537.36"
::1 - - [14/Nov/2021:06:56:13 +0000] "OPTIONS /comment HTTP/1.1" 204 0 "http://localhost:3000/" "Mozilla/5.0 (Windows NT 10.0; Win64; x64) AppleWebKit/537.36 (KHTML, like Gecko) Chrome/94.0.4606.61 Safari/537.36"
::1 - - [14/Nov/2021:06:56:13 +0000] "POST /comment HTTP/1.1" 400 18 "http://localhost:3000/" "Mozilla/5.0 (Windows NT 10.0; Win64; x64) AppleWebKit/537.36 (KHTML, like Gecko) Chrome/94.0.4606.61 Safari/537.36"
::1 - - [14/Nov/2021:06:56:17 +0000] "POST /comment HTTP/1.1" 400 18 "http://localhost:3000/" "Mozilla/5.0 (Windows NT 10.0; Win64; x64) AppleWebKit/537.36 (KHTML, like Gecko) Chrome/94.0.4606.61 Safari/537.36"
::1 - - [14/Nov/2021:06:56:18 +0000] "OPTIONS /comment HTTP/1.1" 204 0 "http://localhost:3000/" "Mozilla/5.0 (Windows NT 10.0; Win64; x64) AppleWebKit/537.36 (KHTML, like Gecko) Chrome/94.0.4606.61 Safari/537.36"
::1 - - [14/Nov/2021:06:56:18 +0000] "POST /comment HTTP/1.1" 400 18 "http://localhost:3000/" "Mozilla/5.0 (Windows NT 10.0; Win64; x64) AppleWebKit/537.36 (KHTML, like Gecko) Chrome/94.0.4606.61 Safari/537.36"
::1 - - [14/Nov/2021:06:56:18 +0000] "POST /comment HTTP/1.1" 400 18 "http://localhost:3000/" "Mozilla/5.0 (Windows NT 10.0; Win64; x64) AppleWebKit/537.36 (KHTML, like Gecko) Chrome/94.0.4606.61 Safari/537.36"
::1 - - [14/Nov/2021:06:56:18 +0000] "POST /comment HTTP/1.1" 400 18 "http://localhost:3000/" "Mozilla/5.0 (Windows NT 10.0; Win64; x64) AppleWebKit/537.36 (KHTML, like Gecko) Chrome/94.0.4606.61 Safari/537.36"
::1 - - [14/Nov/2021:06:56:20 +0000] "OPTIONS /cart HTTP/1.1" 204 0 "http://localhost:3000/" "Mozilla/5.0 (Windows NT 10.0; Win64; x64) AppleWebKit/537.36 (KHTML, like Gecko) Chrome/94.0.4606.61 Safari/537.36"
::1 - - [14/Nov/2021:06:56:20 +0000] "POST /cart HTTP/1.1" 400 18 "http://localhost:3000/" "Mozilla/5.0 (Windows NT 10.0; Win64; x64) AppleWebKit/537.36 (KHTML, like Gecko) Chrome/94.0.4606.61 Safari/537.36"
::1 - - [14/Nov/2021:06:56:23 +0000] "POST /cart HTTP/1.1" 400 18 "http://localhost:3000/" "Mozilla/5.0 (Windows NT 10.0; Win64; x64) AppleWebKit/537.36 (KHTML, like Gecko) Chrome/94.0.4606.61 Safari/537.36"
::1 - - [14/Nov/2021:07:18:28 +0000] "OPTIONS /product? HTTP/1.1" 204 0 "http://localhost:3000/" "Mozilla/5.0 (Windows NT 10.0; Win64; x64) AppleWebKit/537.36 (KHTML, like Gecko) Chrome/94.0.4606.61 Safari/537.36"
::1 - - [14/Nov/2021:07:18:28 +0000] "GET /product? HTTP/1.1" 304 - "http://localhost:3000/" "Mozilla/5.0 (Windows NT 10.0; Win64; x64) AppleWebKit/537.36 (KHTML, like Gecko) Chrome/94.0.4606.61 Safari/537.36"
::1 - - [14/Nov/2021:07:18:28 +0000] "GET //static/thumb/6180fd9b10163b38646b9f6c/comments-5.jpg HTTP/1.1" 304 - "http://localhost:3000/" "Mozilla/5.0 (Windows NT 10.0; Win64; x64) AppleWebKit/537.36 (KHTML, like Gecko) Chrome/94.0.4606.61 Safari/537.36"
::1 - - [14/Nov/2021:07:18:28 +0000] "GET //static/thumb/6180fdd010163b38646b9f6e/person.jpg HTTP/1.1" 304 - "http://localhost:3000/" "Mozilla/5.0 (Windows NT 10.0; Win64; x64) AppleWebKit/537.36 (KHTML, like Gecko) Chrome/94.0.4606.61 Safari/537.36"
::1 - - [14/Nov/2021:07:18:28 +0000] "GET //static/thumb/618103392749bd6f704fa188/video4.jpg HTTP/1.1" 304 - "http://localhost:3000/" "Mozilla/5.0 (Windows NT 10.0; Win64; x64) AppleWebKit/537.36 (KHTML, like Gecko) Chrome/94.0.4606.61 Safari/537.36"
::1 - - [14/Nov/2021:07:18:28 +0000] "GET //static/thumb/6181039826d222bc56113937/video1.jpg HTTP/1.1" 304 - "http://localhost:3000/" "Mozilla/5.0 (Windows NT 10.0; Win64; x64) AppleWebKit/537.36 (KHTML, like Gecko) Chrome/94.0.4606.61 Safari/537.36"
::1 - - [14/Nov/2021:07:18:28 +0000] "GET //static/thumb/6182041f56323879efbe328a/comments-4.jpg HTTP/1.1" 304 - "http://localhost:3000/" "Mozilla/5.0 (Windows NT 10.0; Win64; x64) AppleWebKit/537.36 (KHTML, like Gecko) Chrome/94.0.4606.61 Safari/537.36"
::1 - - [14/Nov/2021:07:18:30 +0000] "GET / HTTP/1.1" 404 139 "http://localhost:3000/" "Mozilla/5.0 (Windows NT 10.0; Win64; x64) AppleWebKit/537.36 (KHTML, like Gecko) Chrome/94.0.4606.61 Safari/537.36"
::1 - - [14/Nov/2021:07:18:30 +0000] "OPTIONS /product/6180fd9b10163b38646b9f6c HTTP/1.1" 204 0 "http://localhost:3000/" "Mozilla/5.0 (Windows NT 10.0; Win64; x64) AppleWebKit/537.36 (KHTML, like Gecko) Chrome/94.0.4606.61 Safari/537.36"
::1 - - [14/Nov/2021:07:18:30 +0000] "GET /product/6180fd9b10163b38646b9f6c HTTP/1.1" 304 - "http://localhost:3000/" "Mozilla/5.0 (Windows NT 10.0; Win64; x64) AppleWebKit/537.36 (KHTML, like Gecko) Chrome/94.0.4606.61 Safari/537.36"
::1 - - [14/Nov/2021:07:18:30 +0000] "OPTIONS /product?category=man HTTP/1.1" 204 0 "http://localhost:3000/" "Mozilla/5.0 (Windows NT 10.0; Win64; x64) AppleWebKit/537.36 (KHTML, like Gecko) Chrome/94.0.4606.61 Safari/537.36"
::1 - - [14/Nov/2021:07:18:30 +0000] "GET //static/imgs/6180fd9b10163b38646b9f6c/blog-4.jpg HTTP/1.1" 304 - "http://localhost:3000/" "Mozilla/5.0 (Windows NT 10.0; Win64; x64) AppleWebKit/537.36 (KHTML, like Gecko) Chrome/94.0.4606.61 Safari/537.36"
::1 - - [14/Nov/2021:07:18:30 +0000] "GET //static/imgs/6180fd9b10163b38646b9f6c/blog-inside-post.jpg HTTP/1.1" 304 - "http://localhost:3000/" "Mozilla/5.0 (Windows NT 10.0; Win64; x64) AppleWebKit/537.36 (KHTML, like Gecko) Chrome/94.0.4606.61 Safari/537.36"
::1 - - [14/Nov/2021:07:18:30 +0000] "GET //static/imgs/6180fd9b10163b38646b9f6c/comments-1.jpg HTTP/1.1" 304 - "http://localhost:3000/" "Mozilla/5.0 (Windows NT 10.0; Win64; x64) AppleWebKit/537.36 (KHTML, like Gecko) Chrome/94.0.4606.61 Safari/537.36"
::1 - - [14/Nov/2021:07:18:30 +0000] "GET /product?category=man HTTP/1.1" 304 - "http://localhost:3000/" "Mozilla/5.0 (Windows NT 10.0; Win64; x64) AppleWebKit/537.36 (KHTML, like Gecko) Chrome/94.0.4606.61 Safari/537.36"
::1 - - [14/Nov/2021:07:18:30 +0000] "GET //static/thumb/6180fd9b10163b38646b9f6c/comments-5.jpg HTTP/1.1" 304 - "http://localhost:3000/" "Mozilla/5.0 (Windows NT 10.0; Win64; x64) AppleWebKit/537.36 (KHTML, like Gecko) Chrome/94.0.4606.61 Safari/537.36"
::1 - - [14/Nov/2021:07:18:30 +0000] "GET //static/thumb/618103392749bd6f704fa188/video4.jpg HTTP/1.1" 304 - "http://localhost:3000/" "Mozilla/5.0 (Windows NT 10.0; Win64; x64) AppleWebKit/537.36 (KHTML, like Gecko) Chrome/94.0.4606.61 Safari/537.36"
::1 - - [14/Nov/2021:07:18:30 +0000] "GET //static/avatar/6135ebef10c239036b8b9559/thumb-03.jpg HTTP/1.1" 304 - "http://localhost:3000/" "Mozilla/5.0 (Windows NT 10.0; Win64; x64) AppleWebKit/537.36 (KHTML, like Gecko) Chrome/94.0.4606.61 Safari/537.36"
::1 - - [14/Nov/2021:07:18:30 +0000] "GET //static/avatar/61361f77c1cc31c6ef7b39d5/banner-04.jpg HTTP/1.1" 304 - "http://localhost:3000/" "Mozilla/5.0 (Windows NT 10.0; Win64; x64) AppleWebKit/537.36 (KHTML, like Gecko) Chrome/94.0.4606.61 Safari/537.36"
::1 - - [14/Nov/2021:07:18:35 +0000] "OPTIONS /comment HTTP/1.1" 204 0 "http://localhost:3000/" "Mozilla/5.0 (Windows NT 10.0; Win64; x64) AppleWebKit/537.36 (KHTML, like Gecko) Chrome/94.0.4606.61 Safari/537.36"
::1 - - [14/Nov/2021:07:18:35 +0000] "POST /comment HTTP/1.1" 400 18 "http://localhost:3000/" "Mozilla/5.0 (Windows NT 10.0; Win64; x64) AppleWebKit/537.36 (KHTML, like Gecko) Chrome/94.0.4606.61 Safari/537.36"
::1 - - [14/Nov/2021:07:21:33 +0000] "OPTIONS /comment HTTP/1.1" 204 0 "http://localhost:3000/" "Mozilla/5.0 (Windows NT 10.0; Win64; x64) AppleWebKit/537.36 (KHTML, like Gecko) Chrome/94.0.4606.61 Safari/537.36"
::1 - - [14/Nov/2021:07:21:34 +0000] "POST /comment HTTP/1.1" 400 18 "http://localhost:3000/" "Mozilla/5.0 (Windows NT 10.0; Win64; x64) AppleWebKit/537.36 (KHTML, like Gecko) Chrome/94.0.4606.61 Safari/537.36"
::1 - - [14/Nov/2021:07:21:40 +0000] "OPTIONS /product? HTTP/1.1" 204 0 "http://localhost:3000/" "Mozilla/5.0 (Windows NT 10.0; Win64; x64) AppleWebKit/537.36 (KHTML, like Gecko) Chrome/94.0.4606.61 Safari/537.36"
::1 - - [14/Nov/2021:07:21:40 +0000] "GET /product? HTTP/1.1" 304 - "http://localhost:3000/" "Mozilla/5.0 (Windows NT 10.0; Win64; x64) AppleWebKit/537.36 (KHTML, like Gecko) Chrome/94.0.4606.61 Safari/537.36"
::1 - - [14/Nov/2021:07:21:40 +0000] "GET //static/thumb/6180fd9b10163b38646b9f6c/comments-5.jpg HTTP/1.1" 304 - "http://localhost:3000/" "Mozilla/5.0 (Windows NT 10.0; Win64; x64) AppleWebKit/537.36 (KHTML, like Gecko) Chrome/94.0.4606.61 Safari/537.36"
::1 - - [14/Nov/2021:07:21:40 +0000] "GET //static/thumb/618103392749bd6f704fa188/video4.jpg HTTP/1.1" 304 - "http://localhost:3000/" "Mozilla/5.0 (Windows NT 10.0; Win64; x64) AppleWebKit/537.36 (KHTML, like Gecko) Chrome/94.0.4606.61 Safari/537.36"
::1 - - [14/Nov/2021:07:21:40 +0000] "GET //static/thumb/6181039826d222bc56113937/video1.jpg HTTP/1.1" 304 - "http://localhost:3000/" "Mozilla/5.0 (Windows NT 10.0; Win64; x64) AppleWebKit/537.36 (KHTML, like Gecko) Chrome/94.0.4606.61 Safari/537.36"
::1 - - [14/Nov/2021:07:21:40 +0000] "GET //static/thumb/6180fdd010163b38646b9f6e/person.jpg HTTP/1.1" 304 - "http://localhost:3000/" "Mozilla/5.0 (Windows NT 10.0; Win64; x64) AppleWebKit/537.36 (KHTML, like Gecko) Chrome/94.0.4606.61 Safari/537.36"
::1 - - [14/Nov/2021:07:21:40 +0000] "GET //static/thumb/6182041f56323879efbe328a/comments-4.jpg HTTP/1.1" 304 - "http://localhost:3000/" "Mozilla/5.0 (Windows NT 10.0; Win64; x64) AppleWebKit/537.36 (KHTML, like Gecko) Chrome/94.0.4606.61 Safari/537.36"
::1 - - [14/Nov/2021:07:23:56 +0000] "OPTIONS /cart HTTP/1.1" 204 0 "http://localhost:3000/" "Mozilla/5.0 (Windows NT 10.0; Win64; x64) AppleWebKit/537.36 (KHTML, like Gecko) Chrome/94.0.4606.61 Safari/537.36"
::1 - - [14/Nov/2021:07:23:56 +0000] "GET /cart HTTP/1.1" 400 18 "http://localhost:3000/" "Mozilla/5.0 (Windows NT 10.0; Win64; x64) AppleWebKit/537.36 (KHTML, like Gecko) Chrome/94.0.4606.61 Safari/537.36"
::1 - - [14/Nov/2021:07:23:57 +0000] "OPTIONS /cart HTTP/1.1" 204 0 "http://localhost:3000/" "Mozilla/5.0 (Windows NT 10.0; Win64; x64) AppleWebKit/537.36 (KHTML, like Gecko) Chrome/94.0.4606.61 Safari/537.36"
::1 - - [14/Nov/2021:07:23:57 +0000] "PUT /cart HTTP/1.1" 400 18 "http://localhost:3000/" "Mozilla/5.0 (Windows NT 10.0; Win64; x64) AppleWebKit/537.36 (KHTML, like Gecko) Chrome/94.0.4606.61 Safari/537.36"
::1 - - [14/Nov/2021:07:24:08 +0000] "OPTIONS /product? HTTP/1.1" 204 0 "http://localhost:3000/" "Mozilla/5.0 (Windows NT 10.0; Win64; x64) AppleWebKit/537.36 (KHTML, like Gecko) Chrome/94.0.4606.61 Safari/537.36"
::1 - - [14/Nov/2021:07:24:08 +0000] "GET /product? HTTP/1.1" 304 - "http://localhost:3000/" "Mozilla/5.0 (Windows NT 10.0; Win64; x64) AppleWebKit/537.36 (KHTML, like Gecko) Chrome/94.0.4606.61 Safari/537.36"
::1 - - [14/Nov/2021:07:24:08 +0000] "GET //static/thumb/6180fd9b10163b38646b9f6c/comments-5.jpg HTTP/1.1" 304 - "http://localhost:3000/" "Mozilla/5.0 (Windows NT 10.0; Win64; x64) AppleWebKit/537.36 (KHTML, like Gecko) Chrome/94.0.4606.61 Safari/537.36"
::1 - - [14/Nov/2021:07:24:08 +0000] "GET //static/thumb/6180fdd010163b38646b9f6e/person.jpg HTTP/1.1" 304 - "http://localhost:3000/" "Mozilla/5.0 (Windows NT 10.0; Win64; x64) AppleWebKit/537.36 (KHTML, like Gecko) Chrome/94.0.4606.61 Safari/537.36"
::1 - - [14/Nov/2021:07:24:08 +0000] "GET //static/thumb/618103392749bd6f704fa188/video4.jpg HTTP/1.1" 304 - "http://localhost:3000/" "Mozilla/5.0 (Windows NT 10.0; Win64; x64) AppleWebKit/537.36 (KHTML, like Gecko) Chrome/94.0.4606.61 Safari/537.36"
::1 - - [14/Nov/2021:07:24:08 +0000] "GET //static/thumb/6181039826d222bc56113937/video1.jpg HTTP/1.1" 304 - "http://localhost:3000/" "Mozilla/5.0 (Windows NT 10.0; Win64; x64) AppleWebKit/537.36 (KHTML, like Gecko) Chrome/94.0.4606.61 Safari/537.36"
::1 - - [14/Nov/2021:07:24:08 +0000] "GET //static/thumb/6182041f56323879efbe328a/comments-4.jpg HTTP/1.1" 304 - "http://localhost:3000/" "Mozilla/5.0 (Windows NT 10.0; Win64; x64) AppleWebKit/537.36 (KHTML, like Gecko) Chrome/94.0.4606.61 Safari/537.36"
::1 - - [14/Nov/2021:07:24:10 +0000] "GET / HTTP/1.1" 404 139 "http://localhost:3000/" "Mozilla/5.0 (Windows NT 10.0; Win64; x64) AppleWebKit/537.36 (KHTML, like Gecko) Chrome/94.0.4606.61 Safari/537.36"
::1 - - [14/Nov/2021:07:24:10 +0000] "OPTIONS /product/6180fd9b10163b38646b9f6c HTTP/1.1" 204 0 "http://localhost:3000/" "Mozilla/5.0 (Windows NT 10.0; Win64; x64) AppleWebKit/537.36 (KHTML, like Gecko) Chrome/94.0.4606.61 Safari/537.36"
::1 - - [14/Nov/2021:07:24:10 +0000] "GET /product/6180fd9b10163b38646b9f6c HTTP/1.1" 304 - "http://localhost:3000/" "Mozilla/5.0 (Windows NT 10.0; Win64; x64) AppleWebKit/537.36 (KHTML, like Gecko) Chrome/94.0.4606.61 Safari/537.36"
::1 - - [14/Nov/2021:07:24:10 +0000] "OPTIONS /product?category=man HTTP/1.1" 204 0 "http://localhost:3000/" "Mozilla/5.0 (Windows NT 10.0; Win64; x64) AppleWebKit/537.36 (KHTML, like Gecko) Chrome/94.0.4606.61 Safari/537.36"
::1 - - [14/Nov/2021:07:24:10 +0000] "GET //static/imgs/6180fd9b10163b38646b9f6c/blog-4.jpg HTTP/1.1" 304 - "http://localhost:3000/" "Mozilla/5.0 (Windows NT 10.0; Win64; x64) AppleWebKit/537.36 (KHTML, like Gecko) Chrome/94.0.4606.61 Safari/537.36"
::1 - - [14/Nov/2021:07:24:10 +0000] "GET //static/imgs/6180fd9b10163b38646b9f6c/blog-inside-post.jpg HTTP/1.1" 304 - "http://localhost:3000/" "Mozilla/5.0 (Windows NT 10.0; Win64; x64) AppleWebKit/537.36 (KHTML, like Gecko) Chrome/94.0.4606.61 Safari/537.36"
::1 - - [14/Nov/2021:07:24:10 +0000] "GET //static/imgs/6180fd9b10163b38646b9f6c/comments-1.jpg HTTP/1.1" 304 - "http://localhost:3000/" "Mozilla/5.0 (Windows NT 10.0; Win64; x64) AppleWebKit/537.36 (KHTML, like Gecko) Chrome/94.0.4606.61 Safari/537.36"
::1 - - [14/Nov/2021:07:24:10 +0000] "GET /product?category=man HTTP/1.1" 304 - "http://localhost:3000/" "Mozilla/5.0 (Windows NT 10.0; Win64; x64) AppleWebKit/537.36 (KHTML, like Gecko) Chrome/94.0.4606.61 Safari/537.36"
::1 - - [14/Nov/2021:07:24:10 +0000] "GET //static/thumb/6180fd9b10163b38646b9f6c/comments-5.jpg HTTP/1.1" 304 - "http://localhost:3000/" "Mozilla/5.0 (Windows NT 10.0; Win64; x64) AppleWebKit/537.36 (KHTML, like Gecko) Chrome/94.0.4606.61 Safari/537.36"
::1 - - [14/Nov/2021:07:24:10 +0000] "GET //static/thumb/618103392749bd6f704fa188/video4.jpg HTTP/1.1" 304 - "http://localhost:3000/" "Mozilla/5.0 (Windows NT 10.0; Win64; x64) AppleWebKit/537.36 (KHTML, like Gecko) Chrome/94.0.4606.61 Safari/537.36"
::1 - - [14/Nov/2021:07:24:10 +0000] "GET //static/avatar/6135ebef10c239036b8b9559/thumb-03.jpg HTTP/1.1" 304 - "http://localhost:3000/" "Mozilla/5.0 (Windows NT 10.0; Win64; x64) AppleWebKit/537.36 (KHTML, like Gecko) Chrome/94.0.4606.61 Safari/537.36"
::1 - - [14/Nov/2021:07:24:10 +0000] "GET //static/avatar/61361f77c1cc31c6ef7b39d5/banner-04.jpg HTTP/1.1" 304 - "http://localhost:3000/" "Mozilla/5.0 (Windows NT 10.0; Win64; x64) AppleWebKit/537.36 (KHTML, like Gecko) Chrome/94.0.4606.61 Safari/537.36"
::1 - - [14/Nov/2021:07:24:13 +0000] "OPTIONS /comment HTTP/1.1" 204 0 "http://localhost:3000/" "Mozilla/5.0 (Windows NT 10.0; Win64; x64) AppleWebKit/537.36 (KHTML, like Gecko) Chrome/94.0.4606.61 Safari/537.36"
::1 - - [14/Nov/2021:07:24:13 +0000] "POST /comment HTTP/1.1" 400 18 "http://localhost:3000/" "Mozilla/5.0 (Windows NT 10.0; Win64; x64) AppleWebKit/537.36 (KHTML, like Gecko) Chrome/94.0.4606.61 Safari/537.36"
::1 - - [14/Nov/2021:07:26:09 +0000] "GET /product? HTTP/1.1" 304 - "http://localhost:3000/" "Mozilla/5.0 (Windows NT 10.0; Win64; x64) AppleWebKit/537.36 (KHTML, like Gecko) Chrome/94.0.4606.61 Safari/537.36"
::1 - - [14/Nov/2021:07:26:09 +0000] "GET //static/thumb/6180fd9b10163b38646b9f6c/comments-5.jpg HTTP/1.1" 304 - "http://localhost:3000/" "Mozilla/5.0 (Windows NT 10.0; Win64; x64) AppleWebKit/537.36 (KHTML, like Gecko) Chrome/94.0.4606.61 Safari/537.36"
::1 - - [14/Nov/2021:07:26:09 +0000] "GET //static/thumb/6180fdd010163b38646b9f6e/person.jpg HTTP/1.1" 304 - "http://localhost:3000/" "Mozilla/5.0 (Windows NT 10.0; Win64; x64) AppleWebKit/537.36 (KHTML, like Gecko) Chrome/94.0.4606.61 Safari/537.36"
::1 - - [14/Nov/2021:07:26:09 +0000] "GET //static/thumb/618103392749bd6f704fa188/video4.jpg HTTP/1.1" 304 - "http://localhost:3000/" "Mozilla/5.0 (Windows NT 10.0; Win64; x64) AppleWebKit/537.36 (KHTML, like Gecko) Chrome/94.0.4606.61 Safari/537.36"
::1 - - [14/Nov/2021:07:26:09 +0000] "GET //static/thumb/6181039826d222bc56113937/video1.jpg HTTP/1.1" 304 - "http://localhost:3000/" "Mozilla/5.0 (Windows NT 10.0; Win64; x64) AppleWebKit/537.36 (KHTML, like Gecko) Chrome/94.0.4606.61 Safari/537.36"
::1 - - [14/Nov/2021:07:26:09 +0000] "GET //static/thumb/6182041f56323879efbe328a/comments-4.jpg HTTP/1.1" 304 - "http://localhost:3000/" "Mozilla/5.0 (Windows NT 10.0; Win64; x64) AppleWebKit/537.36 (KHTML, like Gecko) Chrome/94.0.4606.61 Safari/537.36"
::1 - - [14/Nov/2021:07:26:39 +0000] "GET /product? HTTP/1.1" 304 - "http://localhost:3000/" "Mozilla/5.0 (Windows NT 10.0; Win64; x64) AppleWebKit/537.36 (KHTML, like Gecko) Chrome/94.0.4606.61 Safari/537.36"
::1 - - [14/Nov/2021:07:26:39 +0000] "GET //static/thumb/6180fd9b10163b38646b9f6c/comments-5.jpg HTTP/1.1" 304 - "http://localhost:3000/" "Mozilla/5.0 (Windows NT 10.0; Win64; x64) AppleWebKit/537.36 (KHTML, like Gecko) Chrome/94.0.4606.61 Safari/537.36"
::1 - - [14/Nov/2021:07:26:39 +0000] "GET //static/thumb/6180fdd010163b38646b9f6e/person.jpg HTTP/1.1" 304 - "http://localhost:3000/" "Mozilla/5.0 (Windows NT 10.0; Win64; x64) AppleWebKit/537.36 (KHTML, like Gecko) Chrome/94.0.4606.61 Safari/537.36"
::1 - - [14/Nov/2021:07:26:39 +0000] "GET //static/thumb/618103392749bd6f704fa188/video4.jpg HTTP/1.1" 304 - "http://localhost:3000/" "Mozilla/5.0 (Windows NT 10.0; Win64; x64) AppleWebKit/537.36 (KHTML, like Gecko) Chrome/94.0.4606.61 Safari/537.36"
::1 - - [14/Nov/2021:07:26:39 +0000] "GET //static/thumb/6181039826d222bc56113937/video1.jpg HTTP/1.1" 304 - "http://localhost:3000/" "Mozilla/5.0 (Windows NT 10.0; Win64; x64) AppleWebKit/537.36 (KHTML, like Gecko) Chrome/94.0.4606.61 Safari/537.36"
::1 - - [14/Nov/2021:07:26:39 +0000] "GET //static/thumb/6182041f56323879efbe328a/comments-4.jpg HTTP/1.1" 304 - "http://localhost:3000/" "Mozilla/5.0 (Windows NT 10.0; Win64; x64) AppleWebKit/537.36 (KHTML, like Gecko) Chrome/94.0.4606.61 Safari/537.36"
::1 - - [14/Nov/2021:07:27:30 +0000] "GET /product? HTTP/1.1" 304 - "http://localhost:3000/" "Mozilla/5.0 (Windows NT 10.0; Win64; x64) AppleWebKit/537.36 (KHTML, like Gecko) Chrome/94.0.4606.61 Safari/537.36"
::1 - - [14/Nov/2021:07:27:30 +0000] "GET //static/thumb/6180fd9b10163b38646b9f6c/comments-5.jpg HTTP/1.1" 304 - "http://localhost:3000/" "Mozilla/5.0 (Windows NT 10.0; Win64; x64) AppleWebKit/537.36 (KHTML, like Gecko) Chrome/94.0.4606.61 Safari/537.36"
::1 - - [14/Nov/2021:07:27:30 +0000] "GET //static/thumb/618103392749bd6f704fa188/video4.jpg HTTP/1.1" 304 - "http://localhost:3000/" "Mozilla/5.0 (Windows NT 10.0; Win64; x64) AppleWebKit/537.36 (KHTML, like Gecko) Chrome/94.0.4606.61 Safari/537.36"
::1 - - [14/Nov/2021:07:27:30 +0000] "GET //static/thumb/6180fdd010163b38646b9f6e/person.jpg HTTP/1.1" 304 - "http://localhost:3000/" "Mozilla/5.0 (Windows NT 10.0; Win64; x64) AppleWebKit/537.36 (KHTML, like Gecko) Chrome/94.0.4606.61 Safari/537.36"
::1 - - [14/Nov/2021:07:27:30 +0000] "GET //static/thumb/6181039826d222bc56113937/video1.jpg HTTP/1.1" 304 - "http://localhost:3000/" "Mozilla/5.0 (Windows NT 10.0; Win64; x64) AppleWebKit/537.36 (KHTML, like Gecko) Chrome/94.0.4606.61 Safari/537.36"
::1 - - [14/Nov/2021:07:27:30 +0000] "GET //static/thumb/6182041f56323879efbe328a/comments-4.jpg HTTP/1.1" 304 - "http://localhost:3000/" "Mozilla/5.0 (Windows NT 10.0; Win64; x64) AppleWebKit/537.36 (KHTML, like Gecko) Chrome/94.0.4606.61 Safari/537.36"
::1 - - [14/Nov/2021:07:27:39 +0000] "GET /product? HTTP/1.1" 304 - "http://localhost:3000/" "Mozilla/5.0 (Windows NT 10.0; Win64; x64) AppleWebKit/537.36 (KHTML, like Gecko) Chrome/94.0.4606.61 Safari/537.36"
::1 - - [14/Nov/2021:07:27:39 +0000] "GET //static/thumb/6180fd9b10163b38646b9f6c/comments-5.jpg HTTP/1.1" 304 - "http://localhost:3000/" "Mozilla/5.0 (Windows NT 10.0; Win64; x64) AppleWebKit/537.36 (KHTML, like Gecko) Chrome/94.0.4606.61 Safari/537.36"
::1 - - [14/Nov/2021:07:27:39 +0000] "GET //static/thumb/6180fdd010163b38646b9f6e/person.jpg HTTP/1.1" 304 - "http://localhost:3000/" "Mozilla/5.0 (Windows NT 10.0; Win64; x64) AppleWebKit/537.36 (KHTML, like Gecko) Chrome/94.0.4606.61 Safari/537.36"
::1 - - [14/Nov/2021:07:27:39 +0000] "GET //static/thumb/6181039826d222bc56113937/video1.jpg HTTP/1.1" 304 - "http://localhost:3000/" "Mozilla/5.0 (Windows NT 10.0; Win64; x64) AppleWebKit/537.36 (KHTML, like Gecko) Chrome/94.0.4606.61 Safari/537.36"
::1 - - [14/Nov/2021:07:27:39 +0000] "GET //static/thumb/618103392749bd6f704fa188/video4.jpg HTTP/1.1" 304 - "http://localhost:3000/" "Mozilla/5.0 (Windows NT 10.0; Win64; x64) AppleWebKit/537.36 (KHTML, like Gecko) Chrome/94.0.4606.61 Safari/537.36"
::1 - - [14/Nov/2021:07:27:39 +0000] "GET //static/thumb/6182041f56323879efbe328a/comments-4.jpg HTTP/1.1" 304 - "http://localhost:3000/" "Mozilla/5.0 (Windows NT 10.0; Win64; x64) AppleWebKit/537.36 (KHTML, like Gecko) Chrome/94.0.4606.61 Safari/537.36"
::1 - - [14/Nov/2021:07:27:55 +0000] "GET /product? HTTP/1.1" 304 - "http://localhost:3000/" "Mozilla/5.0 (Windows NT 10.0; Win64; x64) AppleWebKit/537.36 (KHTML, like Gecko) Chrome/94.0.4606.61 Safari/537.36"
::1 - - [14/Nov/2021:07:27:55 +0000] "GET //static/thumb/6180fd9b10163b38646b9f6c/comments-5.jpg HTTP/1.1" 304 - "http://localhost:3000/" "Mozilla/5.0 (Windows NT 10.0; Win64; x64) AppleWebKit/537.36 (KHTML, like Gecko) Chrome/94.0.4606.61 Safari/537.36"
::1 - - [14/Nov/2021:07:27:55 +0000] "GET //static/thumb/6180fdd010163b38646b9f6e/person.jpg HTTP/1.1" 304 - "http://localhost:3000/" "Mozilla/5.0 (Windows NT 10.0; Win64; x64) AppleWebKit/537.36 (KHTML, like Gecko) Chrome/94.0.4606.61 Safari/537.36"
::1 - - [14/Nov/2021:07:27:55 +0000] "GET //static/thumb/6182041f56323879efbe328a/comments-4.jpg HTTP/1.1" 304 - "http://localhost:3000/" "Mozilla/5.0 (Windows NT 10.0; Win64; x64) AppleWebKit/537.36 (KHTML, like Gecko) Chrome/94.0.4606.61 Safari/537.36"
::1 - - [14/Nov/2021:07:27:55 +0000] "GET //static/thumb/618103392749bd6f704fa188/video4.jpg HTTP/1.1" 304 - "http://localhost:3000/" "Mozilla/5.0 (Windows NT 10.0; Win64; x64) AppleWebKit/537.36 (KHTML, like Gecko) Chrome/94.0.4606.61 Safari/537.36"
::1 - - [14/Nov/2021:07:27:55 +0000] "GET //static/thumb/6181039826d222bc56113937/video1.jpg HTTP/1.1" 304 - "http://localhost:3000/" "Mozilla/5.0 (Windows NT 10.0; Win64; x64) AppleWebKit/537.36 (KHTML, like Gecko) Chrome/94.0.4606.61 Safari/537.36"
::1 - - [14/Nov/2021:07:27:59 +0000] "GET /product? HTTP/1.1" 304 - "http://localhost:3000/" "Mozilla/5.0 (Windows NT 10.0; Win64; x64) AppleWebKit/537.36 (KHTML, like Gecko) Chrome/94.0.4606.61 Safari/537.36"
::1 - - [14/Nov/2021:07:27:59 +0000] "GET //static/thumb/6180fd9b10163b38646b9f6c/comments-5.jpg HTTP/1.1" 304 - "http://localhost:3000/" "Mozilla/5.0 (Windows NT 10.0; Win64; x64) AppleWebKit/537.36 (KHTML, like Gecko) Chrome/94.0.4606.61 Safari/537.36"
::1 - - [14/Nov/2021:07:27:59 +0000] "GET //static/thumb/6180fdd010163b38646b9f6e/person.jpg HTTP/1.1" 304 - "http://localhost:3000/" "Mozilla/5.0 (Windows NT 10.0; Win64; x64) AppleWebKit/537.36 (KHTML, like Gecko) Chrome/94.0.4606.61 Safari/537.36"
::1 - - [14/Nov/2021:07:27:59 +0000] "GET //static/thumb/618103392749bd6f704fa188/video4.jpg HTTP/1.1" 304 - "http://localhost:3000/" "Mozilla/5.0 (Windows NT 10.0; Win64; x64) AppleWebKit/537.36 (KHTML, like Gecko) Chrome/94.0.4606.61 Safari/537.36"
::1 - - [14/Nov/2021:07:27:59 +0000] "GET //static/thumb/6181039826d222bc56113937/video1.jpg HTTP/1.1" 304 - "http://localhost:3000/" "Mozilla/5.0 (Windows NT 10.0; Win64; x64) AppleWebKit/537.36 (KHTML, like Gecko) Chrome/94.0.4606.61 Safari/537.36"
::1 - - [14/Nov/2021:07:27:59 +0000] "GET //static/thumb/6182041f56323879efbe328a/comments-4.jpg HTTP/1.1" 304 - "http://localhost:3000/" "Mozilla/5.0 (Windows NT 10.0; Win64; x64) AppleWebKit/537.36 (KHTML, like Gecko) Chrome/94.0.4606.61 Safari/537.36"
::1 - - [14/Nov/2021:07:28:02 +0000] "GET / HTTP/1.1" 404 139 "http://localhost:3000/" "Mozilla/5.0 (Windows NT 10.0; Win64; x64) AppleWebKit/537.36 (KHTML, like Gecko) Chrome/94.0.4606.61 Safari/537.36"
::1 - - [14/Nov/2021:07:28:02 +0000] "GET /product/6180fd9b10163b38646b9f6c HTTP/1.1" 304 - "http://localhost:3000/" "Mozilla/5.0 (Windows NT 10.0; Win64; x64) AppleWebKit/537.36 (KHTML, like Gecko) Chrome/94.0.4606.61 Safari/537.36"
::1 - - [14/Nov/2021:07:28:02 +0000] "GET //static/imgs/6180fd9b10163b38646b9f6c/blog-4.jpg HTTP/1.1" 304 - "http://localhost:3000/" "Mozilla/5.0 (Windows NT 10.0; Win64; x64) AppleWebKit/537.36 (KHTML, like Gecko) Chrome/94.0.4606.61 Safari/537.36"
::1 - - [14/Nov/2021:07:28:02 +0000] "GET //static/imgs/6180fd9b10163b38646b9f6c/blog-inside-post.jpg HTTP/1.1" 304 - "http://localhost:3000/" "Mozilla/5.0 (Windows NT 10.0; Win64; x64) AppleWebKit/537.36 (KHTML, like Gecko) Chrome/94.0.4606.61 Safari/537.36"
::1 - - [14/Nov/2021:07:28:02 +0000] "GET //static/imgs/6180fd9b10163b38646b9f6c/comments-1.jpg HTTP/1.1" 304 - "http://localhost:3000/" "Mozilla/5.0 (Windows NT 10.0; Win64; x64) AppleWebKit/537.36 (KHTML, like Gecko) Chrome/94.0.4606.61 Safari/537.36"
::1 - - [14/Nov/2021:07:28:02 +0000] "GET /product?category=man HTTP/1.1" 304 - "http://localhost:3000/" "Mozilla/5.0 (Windows NT 10.0; Win64; x64) AppleWebKit/537.36 (KHTML, like Gecko) Chrome/94.0.4606.61 Safari/537.36"
::1 - - [14/Nov/2021:07:28:02 +0000] "GET //static/thumb/6180fd9b10163b38646b9f6c/comments-5.jpg HTTP/1.1" 304 - "http://localhost:3000/" "Mozilla/5.0 (Windows NT 10.0; Win64; x64) AppleWebKit/537.36 (KHTML, like Gecko) Chrome/94.0.4606.61 Safari/537.36"
::1 - - [14/Nov/2021:07:28:02 +0000] "GET //static/thumb/618103392749bd6f704fa188/video4.jpg HTTP/1.1" 304 - "http://localhost:3000/" "Mozilla/5.0 (Windows NT 10.0; Win64; x64) AppleWebKit/537.36 (KHTML, like Gecko) Chrome/94.0.4606.61 Safari/537.36"
::1 - - [14/Nov/2021:07:28:02 +0000] "GET //static/avatar/6135ebef10c239036b8b9559/thumb-03.jpg HTTP/1.1" 304 - "http://localhost:3000/" "Mozilla/5.0 (Windows NT 10.0; Win64; x64) AppleWebKit/537.36 (KHTML, like Gecko) Chrome/94.0.4606.61 Safari/537.36"
::1 - - [14/Nov/2021:07:28:02 +0000] "GET //static/avatar/61361f77c1cc31c6ef7b39d5/banner-04.jpg HTTP/1.1" 304 - "http://localhost:3000/" "Mozilla/5.0 (Windows NT 10.0; Win64; x64) AppleWebKit/537.36 (KHTML, like Gecko) Chrome/94.0.4606.61 Safari/537.36"
::1 - - [14/Nov/2021:07:28:08 +0000] "OPTIONS /comment HTTP/1.1" 204 0 "http://localhost:3000/" "Mozilla/5.0 (Windows NT 10.0; Win64; x64) AppleWebKit/537.36 (KHTML, like Gecko) Chrome/94.0.4606.61 Safari/537.36"
::1 - - [14/Nov/2021:07:28:08 +0000] "POST /comment HTTP/1.1" 400 18 "http://localhost:3000/" "Mozilla/5.0 (Windows NT 10.0; Win64; x64) AppleWebKit/537.36 (KHTML, like Gecko) Chrome/94.0.4606.61 Safari/537.36"
::1 - - [14/Nov/2021:07:28:13 +0000] "GET /product? HTTP/1.1" 304 - "http://localhost:3000/" "Mozilla/5.0 (Windows NT 10.0; Win64; x64) AppleWebKit/537.36 (KHTML, like Gecko) Chrome/94.0.4606.61 Safari/537.36"
::1 - - [14/Nov/2021:07:28:13 +0000] "GET //static/thumb/6180fd9b10163b38646b9f6c/comments-5.jpg HTTP/1.1" 304 - "http://localhost:3000/" "Mozilla/5.0 (Windows NT 10.0; Win64; x64) AppleWebKit/537.36 (KHTML, like Gecko) Chrome/94.0.4606.61 Safari/537.36"
::1 - - [14/Nov/2021:07:28:13 +0000] "GET //static/thumb/6180fdd010163b38646b9f6e/person.jpg HTTP/1.1" 304 - "http://localhost:3000/" "Mozilla/5.0 (Windows NT 10.0; Win64; x64) AppleWebKit/537.36 (KHTML, like Gecko) Chrome/94.0.4606.61 Safari/537.36"
::1 - - [14/Nov/2021:07:28:13 +0000] "GET //static/thumb/6182041f56323879efbe328a/comments-4.jpg HTTP/1.1" 304 - "http://localhost:3000/" "Mozilla/5.0 (Windows NT 10.0; Win64; x64) AppleWebKit/537.36 (KHTML, like Gecko) Chrome/94.0.4606.61 Safari/537.36"
::1 - - [14/Nov/2021:07:28:13 +0000] "GET //static/thumb/618103392749bd6f704fa188/video4.jpg HTTP/1.1" 304 - "http://localhost:3000/" "Mozilla/5.0 (Windows NT 10.0; Win64; x64) AppleWebKit/537.36 (KHTML, like Gecko) Chrome/94.0.4606.61 Safari/537.36"
::1 - - [14/Nov/2021:07:28:13 +0000] "GET //static/thumb/6181039826d222bc56113937/video1.jpg HTTP/1.1" 304 - "http://localhost:3000/" "Mozilla/5.0 (Windows NT 10.0; Win64; x64) AppleWebKit/537.36 (KHTML, like Gecko) Chrome/94.0.4606.61 Safari/537.36"
::1 - - [14/Nov/2021:07:29:35 +0000] "GET /product? HTTP/1.1" 304 - "http://localhost:3000/" "Mozilla/5.0 (Windows NT 10.0; Win64; x64) AppleWebKit/537.36 (KHTML, like Gecko) Chrome/94.0.4606.61 Safari/537.36"
::1 - - [14/Nov/2021:07:29:36 +0000] "GET //static/thumb/6180fd9b10163b38646b9f6c/comments-5.jpg HTTP/1.1" 304 - "http://localhost:3000/" "Mozilla/5.0 (Windows NT 10.0; Win64; x64) AppleWebKit/537.36 (KHTML, like Gecko) Chrome/94.0.4606.61 Safari/537.36"
::1 - - [14/Nov/2021:07:29:36 +0000] "GET //static/thumb/618103392749bd6f704fa188/video4.jpg HTTP/1.1" 304 - "http://localhost:3000/" "Mozilla/5.0 (Windows NT 10.0; Win64; x64) AppleWebKit/537.36 (KHTML, like Gecko) Chrome/94.0.4606.61 Safari/537.36"
::1 - - [14/Nov/2021:07:29:36 +0000] "GET //static/thumb/6181039826d222bc56113937/video1.jpg HTTP/1.1" 304 - "http://localhost:3000/" "Mozilla/5.0 (Windows NT 10.0; Win64; x64) AppleWebKit/537.36 (KHTML, like Gecko) Chrome/94.0.4606.61 Safari/537.36"
::1 - - [14/Nov/2021:07:29:36 +0000] "GET //static/thumb/6180fdd010163b38646b9f6e/person.jpg HTTP/1.1" 304 - "http://localhost:3000/" "Mozilla/5.0 (Windows NT 10.0; Win64; x64) AppleWebKit/537.36 (KHTML, like Gecko) Chrome/94.0.4606.61 Safari/537.36"
::1 - - [14/Nov/2021:07:29:36 +0000] "GET //static/thumb/6182041f56323879efbe328a/comments-4.jpg HTTP/1.1" 304 - "http://localhost:3000/" "Mozilla/5.0 (Windows NT 10.0; Win64; x64) AppleWebKit/537.36 (KHTML, like Gecko) Chrome/94.0.4606.61 Safari/537.36"
::1 - - [14/Nov/2021:07:29:41 +0000] "GET /product? HTTP/1.1" 304 - "http://localhost:3000/" "Mozilla/5.0 (Windows NT 10.0; Win64; x64) AppleWebKit/537.36 (KHTML, like Gecko) Chrome/94.0.4606.61 Safari/537.36"
::1 - - [14/Nov/2021:07:29:41 +0000] "GET //static/thumb/6180fd9b10163b38646b9f6c/comments-5.jpg HTTP/1.1" 304 - "http://localhost:3000/" "Mozilla/5.0 (Windows NT 10.0; Win64; x64) AppleWebKit/537.36 (KHTML, like Gecko) Chrome/94.0.4606.61 Safari/537.36"
::1 - - [14/Nov/2021:07:29:41 +0000] "GET //static/thumb/6180fdd010163b38646b9f6e/person.jpg HTTP/1.1" 304 - "http://localhost:3000/" "Mozilla/5.0 (Windows NT 10.0; Win64; x64) AppleWebKit/537.36 (KHTML, like Gecko) Chrome/94.0.4606.61 Safari/537.36"
::1 - - [14/Nov/2021:07:29:41 +0000] "GET //static/thumb/618103392749bd6f704fa188/video4.jpg HTTP/1.1" 304 - "http://localhost:3000/" "Mozilla/5.0 (Windows NT 10.0; Win64; x64) AppleWebKit/537.36 (KHTML, like Gecko) Chrome/94.0.4606.61 Safari/537.36"
::1 - - [14/Nov/2021:07:29:41 +0000] "GET //static/thumb/6181039826d222bc56113937/video1.jpg HTTP/1.1" 304 - "http://localhost:3000/" "Mozilla/5.0 (Windows NT 10.0; Win64; x64) AppleWebKit/537.36 (KHTML, like Gecko) Chrome/94.0.4606.61 Safari/537.36"
::1 - - [14/Nov/2021:07:29:41 +0000] "GET //static/thumb/6182041f56323879efbe328a/comments-4.jpg HTTP/1.1" 304 - "http://localhost:3000/" "Mozilla/5.0 (Windows NT 10.0; Win64; x64) AppleWebKit/537.36 (KHTML, like Gecko) Chrome/94.0.4606.61 Safari/537.36"
::1 - - [14/Nov/2021:07:29:43 +0000] "GET / HTTP/1.1" 404 139 "http://localhost:3000/" "Mozilla/5.0 (Windows NT 10.0; Win64; x64) AppleWebKit/537.36 (KHTML, like Gecko) Chrome/94.0.4606.61 Safari/537.36"
::1 - - [14/Nov/2021:07:29:43 +0000] "GET /product/6180fdd010163b38646b9f6e HTTP/1.1" 304 - "http://localhost:3000/" "Mozilla/5.0 (Windows NT 10.0; Win64; x64) AppleWebKit/537.36 (KHTML, like Gecko) Chrome/94.0.4606.61 Safari/537.36"
::1 - - [14/Nov/2021:07:29:43 +0000] "GET //static/imgs/6180fdd010163b38646b9f6e/person.jpg HTTP/1.1" 304 - "http://localhost:3000/" "Mozilla/5.0 (Windows NT 10.0; Win64; x64) AppleWebKit/537.36 (KHTML, like Gecko) Chrome/94.0.4606.61 Safari/537.36"
::1 - - [14/Nov/2021:07:29:43 +0000] "GET /product?category=women HTTP/1.1" 304 - "http://localhost:3000/" "Mozilla/5.0 (Windows NT 10.0; Win64; x64) AppleWebKit/537.36 (KHTML, like Gecko) Chrome/94.0.4606.61 Safari/537.36"
::1 - - [14/Nov/2021:07:29:43 +0000] "GET //static/thumb/6180fdd010163b38646b9f6e/person.jpg HTTP/1.1" 304 - "http://localhost:3000/" "Mozilla/5.0 (Windows NT 10.0; Win64; x64) AppleWebKit/537.36 (KHTML, like Gecko) Chrome/94.0.4606.61 Safari/537.36"
::1 - - [14/Nov/2021:07:29:43 +0000] "GET //static/avatar/61361f77c1cc31c6ef7b39d5/banner-04.jpg HTTP/1.1" 304 - "http://localhost:3000/" "Mozilla/5.0 (Windows NT 10.0; Win64; x64) AppleWebKit/537.36 (KHTML, like Gecko) Chrome/94.0.4606.61 Safari/537.36"
::1 - - [14/Nov/2021:07:29:45 +0000] "OPTIONS /favorite HTTP/1.1" 204 0 "http://localhost:3000/" "Mozilla/5.0 (Windows NT 10.0; Win64; x64) AppleWebKit/537.36 (KHTML, like Gecko) Chrome/94.0.4606.61 Safari/537.36"
::1 - - [14/Nov/2021:07:29:45 +0000] "POST /favorite HTTP/1.1" 400 18 "http://localhost:3000/" "Mozilla/5.0 (Windows NT 10.0; Win64; x64) AppleWebKit/537.36 (KHTML, like Gecko) Chrome/94.0.4606.61 Safari/537.36"
